2023-09-11 19:12:21.178 INFO: MACE version: 0.2.0
2023-09-11 19:12:21.179 INFO: Configuration: Namespace(name='model', seed=1234, log_dir='logs', model_dir='.', checkpoints_dir='checkpoints', results_dir='results', downloads_dir='downloads', device='cpu', default_dtype='float32', log_level='INFO', error_table='PerAtomRMSE', model='MACE', r_max=3.0, radial_type='bessel', num_radial_basis=8, num_cutoff_basis=5, interaction='RealAgnosticResidualInteractionBlock', interaction_first='RealAgnosticResidualInteractionBlock', max_ell=2, correlation=2, num_interactions=2, MLP_irreps='16x0e', radial_MLP='[64, 64, 64]', hidden_irreps='16x0e', num_channels=None, max_L=None, gate='silu', scaling='rms_forces_scaling', avg_num_neighbors=1, compute_avg_num_neighbors=True, compute_stress=False, compute_forces=True, train_file='data/solvent_mace_train.xyz', valid_file=None, valid_fraction=0.05, test_file='maceTests/solvent_test.xyz', E0s='isolated', energy_key='energy', forces_key='forces', virials_key='virials', stress_key='stress', dipole_key='dipole', charges_key='charges', loss='weighted', forces_weight=100.0, swa_forces_weight=100.0, energy_weight=1.0, swa_energy_weight=1000.0, virials_weight=1.0, swa_virials_weight=10.0, stress_weight=1.0, swa_stress_weight=10.0, dipole_weight=1.0, swa_dipole_weight=1.0, config_type_weights='{"Default":1.0}', huber_delta=0.01, optimizer='adam', batch_size=5, valid_batch_size=5, lr=0.01, swa_lr=0.001, weight_decay=5e-07, amsgrad=True, scheduler='ReduceLROnPlateau', lr_factor=0.8, scheduler_patience=50, lr_scheduler_gamma=0.9993, swa=True, start_swa=15, ema=True, ema_decay=0.99, max_num_epochs=30, patience=2048, eval_interval=1, keep_checkpoints=False, restart_latest=False, save_cpu=False, clip_grad=10.0, wandb=False, wandb_project='', wandb_entity='', wandb_name='', wandb_log_hypers=['num_channels', 'max_L', 'correlation', 'lr', 'swa_lr', 'weight_decay', 'batch_size', 'max_num_epochs', 'start_swa', 'energy_weight', 'forces_weight'])
2023-09-11 19:12:21.179 INFO: Using CPU
2023-09-11 19:12:21.265 INFO: Using isolated atom energies from training file
2023-09-11 19:12:21.269 INFO: Loaded 200 training configurations from 'data/solvent_mace_train.xyz'
2023-09-11 19:12:21.270 INFO: Using random 5.0% of training set for validation
2023-09-11 19:13:31.743 INFO: MACE version: 0.2.0
2023-09-11 19:13:31.744 INFO: Configuration: Namespace(name='model', seed=1234, log_dir='logs', model_dir='.', checkpoints_dir='checkpoints', results_dir='results', downloads_dir='downloads', device='cpu', default_dtype='float32', log_level='INFO', error_table='PerAtomRMSE', model='MACE', r_max=3.0, radial_type='bessel', num_radial_basis=8, num_cutoff_basis=5, interaction='RealAgnosticResidualInteractionBlock', interaction_first='RealAgnosticResidualInteractionBlock', max_ell=2, correlation=2, num_interactions=2, MLP_irreps='16x0e', radial_MLP='[64, 64, 64]', hidden_irreps='16x0e', num_channels=None, max_L=None, gate='silu', scaling='rms_forces_scaling', avg_num_neighbors=1, compute_avg_num_neighbors=True, compute_stress=False, compute_forces=True, train_file='data/solvent_mace_train.xyz', valid_file=None, valid_fraction=0.05, test_file='maceTests/solvent_test.xyz', E0s='isolated', energy_key='energy', forces_key='forces', virials_key='virials', stress_key='stress', dipole_key='dipole', charges_key='charges', loss='weighted', forces_weight=100.0, swa_forces_weight=100.0, energy_weight=1.0, swa_energy_weight=1000.0, virials_weight=1.0, swa_virials_weight=10.0, stress_weight=1.0, swa_stress_weight=10.0, dipole_weight=1.0, swa_dipole_weight=1.0, config_type_weights='{"Default":1.0}', huber_delta=0.01, optimizer='adam', batch_size=5, valid_batch_size=5, lr=0.01, swa_lr=0.001, weight_decay=5e-07, amsgrad=True, scheduler='ReduceLROnPlateau', lr_factor=0.8, scheduler_patience=50, lr_scheduler_gamma=0.9993, swa=True, start_swa=15, ema=True, ema_decay=0.99, max_num_epochs=30, patience=2048, eval_interval=1, keep_checkpoints=False, restart_latest=False, save_cpu=False, clip_grad=10.0, wandb=False, wandb_project='', wandb_entity='', wandb_name='', wandb_log_hypers=['num_channels', 'max_L', 'correlation', 'lr', 'swa_lr', 'weight_decay', 'batch_size', 'max_num_epochs', 'start_swa', 'energy_weight', 'forces_weight'])
2023-09-11 19:13:31.744 INFO: Using CPU
2023-09-11 19:13:31.828 INFO: Using isolated atom energies from training file
2023-09-11 19:13:31.832 INFO: Loaded 200 training configurations from 'data/solvent_mace_train.xyz'
2023-09-11 19:13:31.833 INFO: Using random 5.0% of training set for validation
2023-09-11 19:13:31.915 INFO: Loaded 200 test configurations from 'maceTests/solvent_test.xyz'
2023-09-11 19:13:31.915 INFO: Total number of configurations: train=190, valid=10, tests=[Default: 200]
2023-09-11 19:13:31.916 INFO: AtomicNumberTable: (1, 6, 8)
2023-09-11 19:13:31.916 INFO: Atomic energies: [-10.707211383396714, -48.847445262804705, -102.57117256025786]
2023-09-11 19:13:32.070 INFO: WeightedEnergyForcesLoss(energy_weight=1.000, forces_weight=100.000)
2023-09-11 19:13:32.148 INFO: Average number of neighbors: 7.014963150024414
2023-09-11 19:13:32.148 INFO: Selected the following outputs: {'energy': True, 'forces': True, 'virials': False, 'stress': False, 'dipoles': False}
2023-09-11 19:13:32.148 INFO: Building model
2023-09-11 19:13:32.148 INFO: Hidden irreps: 16x0e
2023-09-11 19:13:33.084 INFO: Using stochastic weight averaging (after 15 epochs) with energy weight : 1000.0, forces weight : 100.0 and learning rate : 0.001
2023-09-11 19:13:33.153 INFO: ScaleShiftMACE(
  (node_embedding): LinearNodeEmbeddingBlock(
    (linear): Linear(3x0e -> 16x0e | 48 weights)
  )
  (radial_embedding): RadialEmbeddingBlock(
    (bessel_fn): BesselBasis(r_max=3.0, num_basis=8, trainable=False)
    (cutoff_fn): PolynomialCutoff(p=5.0, r_max=3.0)
  )
  (spherical_harmonics): SphericalHarmonics()
  (atomic_energies_fn): AtomicEnergiesBlock(energies=[-10.7072, -48.8474, -102.5712])
  (interactions): ModuleList(
    (0): RealAgnosticInteractionBlock(
      (linear_up): Linear(16x0e -> 16x0e | 256 weights)
      (conv_tp): TensorProduct(16x0e x 1x0e+1x1o+1x2e -> 16x0e+16x1o+16x2e | 48 paths | 48 weights)
      (conv_tp_weights): FullyConnectedNet[8, 64, 64, 64, 48]
      (linear): Linear(16x0e+16x1o+16x2e -> 16x0e+16x1o+16x2e | 768 weights)
      (skip_tp): FullyConnectedTensorProduct(16x0e+16x1o+16x2e x 3x0e -> 16x0e+16x1o+16x2e | 2304 paths | 2304 weights)
      (reshape): reshape_irreps()
    )
    (1): RealAgnosticResidualInteractionBlock(
      (linear_up): Linear(16x0e -> 16x0e | 256 weights)
      (conv_tp): TensorProduct(16x0e x 1x0e+1x1o+1x2e -> 16x0e+16x1o+16x2e | 48 paths | 48 weights)
      (conv_tp_weights): FullyConnectedNet[8, 64, 64, 64, 48]
      (linear): Linear(16x0e+16x1o+16x2e -> 16x0e+16x1o+16x2e | 768 weights)
      (skip_tp): FullyConnectedTensorProduct(16x0e x 3x0e -> 16x0e | 768 paths | 768 weights)
      (reshape): reshape_irreps()
    )
  )
  (products): ModuleList(
    (0-1): 2 x EquivariantProductBasisBlock(
      (symmetric_contractions): SymmetricContraction(
        (contractions): ModuleList(
          (0): Contraction(
            (contractions_weighting): ModuleList(
              (0): GraphModule()
            )
            (contractions_features): ModuleList(
              (0): GraphModule()
            )
            (weights): ParameterList(  (0): Parameter containing: [torch.float32 of size 3x1x16])
            (graph_opt_main): GraphModule()
          )
        )
      )
      (linear): Linear(16x0e -> 16x0e | 256 weights)
    )
  )
  (readouts): ModuleList(
    (0): LinearReadoutBlock(
      (linear): Linear(16x0e -> 1x0e | 16 weights)
    )
    (1): NonLinearReadoutBlock(
      (linear_1): Linear(16x0e -> 16x0e | 256 weights)
      (non_linearity): Activation [x] (16x0e -> 16x0e)
      (linear_2): Linear(16x0e -> 1x0e | 16 weights)
    )
  )
  (scale_shift): ScaleShiftBlock(scale=2.262043, shift=0.000000)
)
2023-09-11 19:13:33.155 INFO: Number of parameters: 29904
2023-09-11 19:13:33.155 INFO: Optimizer: Adam (
Parameter Group 0
    amsgrad: True
    betas: (0.9, 0.999)
    capturable: False
    differentiable: False
    eps: 1e-08
    foreach: None
    fused: None
    initial_lr: 0.01
    lr: 0.01
    maximize: False
    name: embedding
    swa_lr: 0.001
    weight_decay: 0.0

Parameter Group 1
    amsgrad: True
    betas: (0.9, 0.999)
    capturable: False
    differentiable: False
    eps: 1e-08
    foreach: None
    fused: None
    initial_lr: 0.01
    lr: 0.01
    maximize: False
    name: interactions_decay
    swa_lr: 0.001
    weight_decay: 5e-07

Parameter Group 2
    amsgrad: True
    betas: (0.9, 0.999)
    capturable: False
    differentiable: False
    eps: 1e-08
    foreach: None
    fused: None
    initial_lr: 0.01
    lr: 0.01
    maximize: False
    name: interactions_no_decay
    swa_lr: 0.001
    weight_decay: 0.0

Parameter Group 3
    amsgrad: True
    betas: (0.9, 0.999)
    capturable: False
    differentiable: False
    eps: 1e-08
    foreach: None
    fused: None
    initial_lr: 0.01
    lr: 0.01
    maximize: False
    name: products
    swa_lr: 0.001
    weight_decay: 5e-07

Parameter Group 4
    amsgrad: True
    betas: (0.9, 0.999)
    capturable: False
    differentiable: False
    eps: 1e-08
    foreach: None
    fused: None
    initial_lr: 0.01
    lr: 0.01
    maximize: False
    name: readouts
    swa_lr: 0.001
    weight_decay: 0.0
)
2023-09-11 19:13:33.155 INFO: Using gradient clipping with tolerance=10.000
2023-09-11 19:13:33.155 INFO: Started training
2023-09-11 19:13:40.252 INFO: Epoch 0: loss=93.5908, RMSE_E_per_atom=5310.8 meV, RMSE_F=807.5 meV / A
2023-09-11 19:13:42.956 INFO: Epoch 1: loss=54.4642, RMSE_E_per_atom=5033.5 meV, RMSE_F=535.2 meV / A
2023-09-11 19:13:45.110 INFO: Epoch 2: loss=42.5010, RMSE_E_per_atom=4813.3 meV, RMSE_F=437.0 meV / A
2023-09-11 19:13:47.250 INFO: Epoch 3: loss=33.0261, RMSE_E_per_atom=4649.8 meV, RMSE_F=337.7 meV / A
2023-09-11 19:13:49.395 INFO: Epoch 4: loss=27.5193, RMSE_E_per_atom=4491.1 meV, RMSE_F=274.3 meV / A
2023-09-11 19:13:51.569 INFO: Epoch 5: loss=21.5238, RMSE_E_per_atom=4053.7 meV, RMSE_F=227.0 meV / A
2023-09-11 19:13:53.695 INFO: Epoch 6: loss=18.2783, RMSE_E_per_atom=3592.3 meV, RMSE_F=227.4 meV / A
2023-09-11 19:13:55.838 INFO: Epoch 7: loss=16.5023, RMSE_E_per_atom=3158.8 meV, RMSE_F=245.3 meV / A
2023-09-11 19:13:57.989 INFO: Epoch 8: loss=15.4394, RMSE_E_per_atom=2659.1 meV, RMSE_F=274.3 meV / A
2023-09-11 19:14:00.155 INFO: Epoch 9: loss=13.7146, RMSE_E_per_atom=2229.6 meV, RMSE_F=280.5 meV / A
2023-09-11 19:14:02.335 INFO: Epoch 10: loss=12.2854, RMSE_E_per_atom=1728.9 meV, RMSE_F=288.9 meV / A
2023-09-11 19:14:04.502 INFO: Epoch 11: loss=9.9702, RMSE_E_per_atom=1382.3 meV, RMSE_F=268.7 meV / A
2023-09-11 19:14:06.651 INFO: Epoch 12: loss=8.2063, RMSE_E_per_atom=1067.5 meV, RMSE_F=251.8 meV / A
2023-09-11 19:14:08.777 INFO: Epoch 13: loss=6.8461, RMSE_E_per_atom=872.4 meV, RMSE_F=234.2 meV / A
2023-09-11 19:14:10.907 INFO: Epoch 14: loss=5.9701, RMSE_E_per_atom=729.0 meV, RMSE_F=221.5 meV / A
2023-09-11 19:14:10.916 INFO: Changing loss based on SWA
2023-09-11 19:14:13.040 INFO: Epoch 15: loss=188.1303, RMSE_E_per_atom=426.7 meV, RMSE_F=232.7 meV / A
2023-09-11 19:14:15.175 INFO: Epoch 16: loss=70.2833, RMSE_E_per_atom=254.3 meV, RMSE_F=225.4 meV / A
2023-09-11 19:14:17.307 INFO: Epoch 17: loss=29.7473, RMSE_E_per_atom=156.4 meV, RMSE_F=218.8 meV / A
2023-09-11 19:14:19.453 INFO: Epoch 18: loss=14.7928, RMSE_E_per_atom=98.9 meV, RMSE_F=213.8 meV / A
2023-09-11 19:14:21.606 INFO: Epoch 19: loss=8.9157, RMSE_E_per_atom=63.8 meV, RMSE_F=210.4 meV / A
2023-09-11 19:14:23.731 INFO: Epoch 20: loss=6.5785, RMSE_E_per_atom=43.5 meV, RMSE_F=207.1 meV / A
2023-09-11 19:14:25.886 INFO: Epoch 21: loss=5.5603, RMSE_E_per_atom=31.8 meV, RMSE_F=204.1 meV / A
2023-09-11 19:14:28.021 INFO: Epoch 22: loss=5.0870, RMSE_E_per_atom=24.2 meV, RMSE_F=202.9 meV / A
2023-09-11 19:14:30.210 INFO: Epoch 23: loss=4.8392, RMSE_E_per_atom=20.1 meV, RMSE_F=201.4 meV / A
2023-09-11 19:14:32.351 INFO: Epoch 24: loss=4.6741, RMSE_E_per_atom=17.0 meV, RMSE_F=200.2 meV / A
2023-09-11 19:14:34.486 INFO: Epoch 25: loss=4.5488, RMSE_E_per_atom=14.7 meV, RMSE_F=199.0 meV / A
2023-09-11 19:14:36.624 INFO: Epoch 26: loss=4.3575, RMSE_E_per_atom=13.0 meV, RMSE_F=195.9 meV / A
2023-09-11 19:14:38.843 INFO: Epoch 27: loss=4.2899, RMSE_E_per_atom=12.3 meV, RMSE_F=194.7 meV / A
2023-09-11 19:14:40.976 INFO: Epoch 28: loss=4.2099, RMSE_E_per_atom=11.7 meV, RMSE_F=193.1 meV / A
2023-09-11 19:14:43.122 INFO: Epoch 29: loss=4.1467, RMSE_E_per_atom=11.3 meV, RMSE_F=191.9 meV / A
2023-09-11 19:14:43.132 INFO: Training complete
2023-09-11 19:14:43.133 INFO: Computing metrics for training, validation, and test sets
2023-09-11 19:14:43.134 INFO: Loading checkpoint: checkpoints/model_run-1234_epoch-14.pt
2023-09-11 19:14:43.144 INFO: Loaded model from epoch 14
2023-09-11 19:14:43.241 INFO: Evaluating train ...
2023-09-11 19:14:44.075 INFO: Evaluating valid ...
2023-09-11 19:14:44.288 INFO: Evaluating Default ...
2023-09-11 19:14:45.164 INFO: 
+-------------+---------------------+------------------+-------------------+
| config_type | RMSE E / meV / atom | RMSE F / meV / A | relative F RMSE % |
+-------------+---------------------+------------------+-------------------+
|    train    |        733.5        |      273.4       |       12.09       |
|    valid    |        729.0        |      221.5       |       17.17       |
|   Default   |        749.3        |      159.4       |        5.87       |
+-------------+---------------------+------------------+-------------------+
2023-09-11 19:14:45.165 INFO: Saving model to checkpoints/model_run-1234.model
2023-09-11 19:14:45.212 INFO: Loading checkpoint: checkpoints/model_run-1234_epoch-29_swa.pt
2023-09-11 19:14:45.222 INFO: Loaded model from epoch 29
2023-09-11 19:14:45.320 INFO: Evaluating train ...
2023-09-11 19:14:46.160 INFO: Evaluating valid ...
2023-09-11 19:14:46.376 INFO: Evaluating Default ...
2023-09-11 19:14:47.263 INFO: 
+-------------+---------------------+------------------+-------------------+
| config_type | RMSE E / meV / atom | RMSE F / meV / A | relative F RMSE % |
+-------------+---------------------+------------------+-------------------+
|    train    |         9.8         |      230.8       |       10.20       |
|    valid    |         11.3        |      191.9       |       14.88       |
|   Default   |         1.7         |       33.9       |        1.25       |
+-------------+---------------------+------------------+-------------------+
2023-09-11 19:14:47.263 INFO: Saving model to checkpoints/model_run-1234_swa.model
2023-09-11 19:14:47.309 INFO: Done
2023-09-11 19:19:36.834 INFO: MACE version: 0.2.0
2023-09-11 19:19:36.834 INFO: Configuration: Namespace(name='model', seed=1234, log_dir='logs', model_dir='.', checkpoints_dir='checkpoints', results_dir='results', downloads_dir='downloads', device='cpu', default_dtype='float32', log_level='INFO', error_table='PerAtomRMSE', model='MACE', r_max=3.0, radial_type='bessel', num_radial_basis=8, num_cutoff_basis=5, interaction='RealAgnosticResidualInteractionBlock', interaction_first='RealAgnosticResidualInteractionBlock', max_ell=2, correlation=2, num_interactions=2, MLP_irreps='16x0e', radial_MLP='[64, 64, 64]', hidden_irreps='16x0e', num_channels=None, max_L=None, gate='silu', scaling='rms_forces_scaling', avg_num_neighbors=1, compute_avg_num_neighbors=True, compute_stress=False, compute_forces=True, train_file='data/solvent_mace_train.xyz', valid_file=None, valid_fraction=0.05, test_file='maceTests/solvent_test.xyz', E0s='isolated', energy_key='energy', forces_key='forces', virials_key='virials', stress_key='stress', dipole_key='dipole', charges_key='charges', loss='weighted', forces_weight=100.0, swa_forces_weight=100.0, energy_weight=1.0, swa_energy_weight=1000.0, virials_weight=1.0, swa_virials_weight=10.0, stress_weight=1.0, swa_stress_weight=10.0, dipole_weight=1.0, swa_dipole_weight=1.0, config_type_weights='{"Default":1.0}', huber_delta=0.01, optimizer='adam', batch_size=5, valid_batch_size=5, lr=0.01, swa_lr=0.001, weight_decay=5e-07, amsgrad=True, scheduler='ReduceLROnPlateau', lr_factor=0.8, scheduler_patience=50, lr_scheduler_gamma=0.9993, swa=True, start_swa=15, ema=True, ema_decay=0.99, max_num_epochs=30, patience=2048, eval_interval=1, keep_checkpoints=False, restart_latest=False, save_cpu=False, clip_grad=10.0, wandb=False, wandb_project='', wandb_entity='', wandb_name='', wandb_log_hypers=['num_channels', 'max_L', 'correlation', 'lr', 'swa_lr', 'weight_decay', 'batch_size', 'max_num_epochs', 'start_swa', 'energy_weight', 'forces_weight'])
2023-09-11 19:19:36.835 INFO: Using CPU
2023-09-11 19:19:36.919 INFO: Using isolated atom energies from training file
2023-09-11 19:19:36.924 INFO: Loaded 200 training configurations from 'data/solvent_mace_train.xyz'
2023-09-11 19:19:36.924 INFO: Using random 5.0% of training set for validation
2023-09-11 19:19:37.000 INFO: Loaded 200 test configurations from 'maceTests/solvent_test.xyz'
2023-09-11 19:19:37.000 INFO: Total number of configurations: train=190, valid=10, tests=[Default: 200]
2023-09-11 19:19:37.001 INFO: AtomicNumberTable: (1, 6, 8)
2023-09-11 19:19:37.001 INFO: Atomic energies: [-10.707211383396714, -48.847445262804705, -102.57117256025786]
2023-09-11 19:19:37.119 INFO: WeightedEnergyForcesLoss(energy_weight=1.000, forces_weight=100.000)
2023-09-11 19:19:37.182 INFO: Average number of neighbors: 7.014963150024414
2023-09-11 19:19:37.182 INFO: Selected the following outputs: {'energy': True, 'forces': True, 'virials': False, 'stress': False, 'dipoles': False}
2023-09-11 19:19:37.182 INFO: Building model
2023-09-11 19:19:37.182 INFO: Hidden irreps: 16x0e
2023-09-11 19:19:38.021 INFO: Using stochastic weight averaging (after 15 epochs) with energy weight : 1000.0, forces weight : 100.0 and learning rate : 0.001
2023-09-11 19:19:38.084 INFO: ScaleShiftMACE(
  (node_embedding): LinearNodeEmbeddingBlock(
    (linear): Linear(3x0e -> 16x0e | 48 weights)
  )
  (radial_embedding): RadialEmbeddingBlock(
    (bessel_fn): BesselBasis(r_max=3.0, num_basis=8, trainable=False)
    (cutoff_fn): PolynomialCutoff(p=5.0, r_max=3.0)
  )
  (spherical_harmonics): SphericalHarmonics()
  (atomic_energies_fn): AtomicEnergiesBlock(energies=[-10.7072, -48.8474, -102.5712])
  (interactions): ModuleList(
    (0): RealAgnosticInteractionBlock(
      (linear_up): Linear(16x0e -> 16x0e | 256 weights)
      (conv_tp): TensorProduct(16x0e x 1x0e+1x1o+1x2e -> 16x0e+16x1o+16x2e | 48 paths | 48 weights)
      (conv_tp_weights): FullyConnectedNet[8, 64, 64, 64, 48]
      (linear): Linear(16x0e+16x1o+16x2e -> 16x0e+16x1o+16x2e | 768 weights)
      (skip_tp): FullyConnectedTensorProduct(16x0e+16x1o+16x2e x 3x0e -> 16x0e+16x1o+16x2e | 2304 paths | 2304 weights)
      (reshape): reshape_irreps()
    )
    (1): RealAgnosticResidualInteractionBlock(
      (linear_up): Linear(16x0e -> 16x0e | 256 weights)
      (conv_tp): TensorProduct(16x0e x 1x0e+1x1o+1x2e -> 16x0e+16x1o+16x2e | 48 paths | 48 weights)
      (conv_tp_weights): FullyConnectedNet[8, 64, 64, 64, 48]
      (linear): Linear(16x0e+16x1o+16x2e -> 16x0e+16x1o+16x2e | 768 weights)
      (skip_tp): FullyConnectedTensorProduct(16x0e x 3x0e -> 16x0e | 768 paths | 768 weights)
      (reshape): reshape_irreps()
    )
  )
  (products): ModuleList(
    (0-1): 2 x EquivariantProductBasisBlock(
      (symmetric_contractions): SymmetricContraction(
        (contractions): ModuleList(
          (0): Contraction(
            (contractions_weighting): ModuleList(
              (0): GraphModule()
            )
            (contractions_features): ModuleList(
              (0): GraphModule()
            )
            (weights): ParameterList(  (0): Parameter containing: [torch.float32 of size 3x1x16])
            (graph_opt_main): GraphModule()
          )
        )
      )
      (linear): Linear(16x0e -> 16x0e | 256 weights)
    )
  )
  (readouts): ModuleList(
    (0): LinearReadoutBlock(
      (linear): Linear(16x0e -> 1x0e | 16 weights)
    )
    (1): NonLinearReadoutBlock(
      (linear_1): Linear(16x0e -> 16x0e | 256 weights)
      (non_linearity): Activation [x] (16x0e -> 16x0e)
      (linear_2): Linear(16x0e -> 1x0e | 16 weights)
    )
  )
  (scale_shift): ScaleShiftBlock(scale=2.262043, shift=0.000000)
)
2023-09-11 19:19:38.085 INFO: Number of parameters: 29904
2023-09-11 19:19:38.085 INFO: Optimizer: Adam (
Parameter Group 0
    amsgrad: True
    betas: (0.9, 0.999)
    capturable: False
    differentiable: False
    eps: 1e-08
    foreach: None
    fused: None
    initial_lr: 0.01
    lr: 0.01
    maximize: False
    name: embedding
    swa_lr: 0.001
    weight_decay: 0.0

Parameter Group 1
    amsgrad: True
    betas: (0.9, 0.999)
    capturable: False
    differentiable: False
    eps: 1e-08
    foreach: None
    fused: None
    initial_lr: 0.01
    lr: 0.01
    maximize: False
    name: interactions_decay
    swa_lr: 0.001
    weight_decay: 5e-07

Parameter Group 2
    amsgrad: True
    betas: (0.9, 0.999)
    capturable: False
    differentiable: False
    eps: 1e-08
    foreach: None
    fused: None
    initial_lr: 0.01
    lr: 0.01
    maximize: False
    name: interactions_no_decay
    swa_lr: 0.001
    weight_decay: 0.0

Parameter Group 3
    amsgrad: True
    betas: (0.9, 0.999)
    capturable: False
    differentiable: False
    eps: 1e-08
    foreach: None
    fused: None
    initial_lr: 0.01
    lr: 0.01
    maximize: False
    name: products
    swa_lr: 0.001
    weight_decay: 5e-07

Parameter Group 4
    amsgrad: True
    betas: (0.9, 0.999)
    capturable: False
    differentiable: False
    eps: 1e-08
    foreach: None
    fused: None
    initial_lr: 0.01
    lr: 0.01
    maximize: False
    name: readouts
    swa_lr: 0.001
    weight_decay: 0.0
)
2023-09-11 19:19:38.085 INFO: Using gradient clipping with tolerance=10.000
2023-09-11 19:19:38.085 INFO: Started training
2023-09-11 19:19:45.080 INFO: Epoch 0: loss=93.5908, RMSE_E_per_atom=5310.8 meV, RMSE_F=807.5 meV / A
2023-09-11 19:19:47.782 INFO: Epoch 1: loss=54.4642, RMSE_E_per_atom=5033.5 meV, RMSE_F=535.2 meV / A
2023-09-11 19:19:49.932 INFO: Epoch 2: loss=42.5010, RMSE_E_per_atom=4813.3 meV, RMSE_F=437.0 meV / A
2023-09-11 19:19:52.075 INFO: Epoch 3: loss=33.0261, RMSE_E_per_atom=4649.8 meV, RMSE_F=337.7 meV / A
2023-09-11 19:19:54.215 INFO: Epoch 4: loss=27.5193, RMSE_E_per_atom=4491.1 meV, RMSE_F=274.3 meV / A
2023-09-11 19:19:56.358 INFO: Epoch 5: loss=21.5238, RMSE_E_per_atom=4053.7 meV, RMSE_F=227.0 meV / A
2023-09-11 19:19:58.516 INFO: Epoch 6: loss=18.2783, RMSE_E_per_atom=3592.3 meV, RMSE_F=227.4 meV / A
2023-09-11 19:20:00.661 INFO: Epoch 7: loss=16.5023, RMSE_E_per_atom=3158.8 meV, RMSE_F=245.3 meV / A
2023-09-11 19:20:02.797 INFO: Epoch 8: loss=15.4394, RMSE_E_per_atom=2659.1 meV, RMSE_F=274.3 meV / A
2023-09-11 19:20:04.924 INFO: Epoch 9: loss=13.7146, RMSE_E_per_atom=2229.6 meV, RMSE_F=280.5 meV / A
2023-09-11 19:20:07.052 INFO: Epoch 10: loss=12.2854, RMSE_E_per_atom=1728.9 meV, RMSE_F=288.9 meV / A
2023-09-11 19:20:09.180 INFO: Epoch 11: loss=9.9702, RMSE_E_per_atom=1382.3 meV, RMSE_F=268.7 meV / A
2023-09-11 19:20:11.307 INFO: Epoch 12: loss=8.2063, RMSE_E_per_atom=1067.5 meV, RMSE_F=251.8 meV / A
2023-09-11 19:20:13.432 INFO: Epoch 13: loss=6.8461, RMSE_E_per_atom=872.4 meV, RMSE_F=234.2 meV / A
2023-09-11 19:20:15.571 INFO: Epoch 14: loss=5.9701, RMSE_E_per_atom=729.0 meV, RMSE_F=221.5 meV / A
2023-09-11 19:20:15.579 INFO: Changing loss based on SWA
2023-09-11 19:20:17.724 INFO: Epoch 15: loss=188.1303, RMSE_E_per_atom=426.7 meV, RMSE_F=232.7 meV / A
2023-09-11 19:20:19.859 INFO: Epoch 16: loss=70.2833, RMSE_E_per_atom=254.3 meV, RMSE_F=225.4 meV / A
2023-09-11 19:20:21.989 INFO: Epoch 17: loss=29.7473, RMSE_E_per_atom=156.4 meV, RMSE_F=218.8 meV / A
2023-09-11 19:20:24.125 INFO: Epoch 18: loss=14.7928, RMSE_E_per_atom=98.9 meV, RMSE_F=213.8 meV / A
2023-09-11 19:20:26.278 INFO: Epoch 19: loss=8.9157, RMSE_E_per_atom=63.8 meV, RMSE_F=210.4 meV / A
2023-09-11 19:20:28.424 INFO: Epoch 20: loss=6.5785, RMSE_E_per_atom=43.5 meV, RMSE_F=207.1 meV / A
2023-09-11 19:20:30.555 INFO: Epoch 21: loss=5.5603, RMSE_E_per_atom=31.8 meV, RMSE_F=204.1 meV / A
2023-09-11 19:20:32.701 INFO: Epoch 22: loss=5.0870, RMSE_E_per_atom=24.2 meV, RMSE_F=202.9 meV / A
2023-09-11 19:20:34.884 INFO: Epoch 23: loss=4.8392, RMSE_E_per_atom=20.1 meV, RMSE_F=201.4 meV / A
2023-09-11 19:20:37.018 INFO: Epoch 24: loss=4.6741, RMSE_E_per_atom=17.0 meV, RMSE_F=200.2 meV / A
2023-09-11 19:20:39.168 INFO: Epoch 25: loss=4.5488, RMSE_E_per_atom=14.7 meV, RMSE_F=199.0 meV / A
2023-09-11 19:20:41.314 INFO: Epoch 26: loss=4.3575, RMSE_E_per_atom=13.0 meV, RMSE_F=195.9 meV / A
2023-09-11 19:20:43.458 INFO: Epoch 27: loss=4.2899, RMSE_E_per_atom=12.3 meV, RMSE_F=194.7 meV / A
2023-09-11 19:20:45.592 INFO: Epoch 28: loss=4.2099, RMSE_E_per_atom=11.7 meV, RMSE_F=193.1 meV / A
2023-09-11 19:20:47.729 INFO: Epoch 29: loss=4.1467, RMSE_E_per_atom=11.3 meV, RMSE_F=191.9 meV / A
2023-09-11 19:20:47.738 INFO: Training complete
2023-09-11 19:20:47.739 INFO: Computing metrics for training, validation, and test sets
2023-09-11 19:20:47.740 INFO: Loading checkpoint: checkpoints/model_run-1234_epoch-14.pt
2023-09-11 19:20:47.750 INFO: Loaded model from epoch 14
2023-09-11 19:20:47.847 INFO: Evaluating train ...
2023-09-11 19:20:48.682 INFO: Evaluating valid ...
2023-09-11 19:20:48.915 INFO: Evaluating Default ...
2023-09-11 19:20:49.808 INFO: 
+-------------+---------------------+------------------+-------------------+
| config_type | RMSE E / meV / atom | RMSE F / meV / A | relative F RMSE % |
+-------------+---------------------+------------------+-------------------+
|    train    |        733.5        |      273.4       |       12.09       |
|    valid    |        729.0        |      221.5       |       17.17       |
|   Default   |        748.3        |      160.6       |        5.91       |
+-------------+---------------------+------------------+-------------------+
2023-09-11 19:20:49.808 INFO: Saving model to checkpoints/model_run-1234.model
2023-09-11 19:20:49.857 INFO: Loading checkpoint: checkpoints/model_run-1234_epoch-29_swa.pt
2023-09-11 19:20:49.867 INFO: Loaded model from epoch 29
2023-09-11 19:20:49.965 INFO: Evaluating train ...
2023-09-11 19:20:50.814 INFO: Evaluating valid ...
2023-09-11 19:20:51.046 INFO: Evaluating Default ...
2023-09-11 19:20:51.926 INFO: 
+-------------+---------------------+------------------+-------------------+
| config_type | RMSE E / meV / atom | RMSE F / meV / A | relative F RMSE % |
+-------------+---------------------+------------------+-------------------+
|    train    |         9.8         |      230.8       |       10.20       |
|    valid    |         11.3        |      191.9       |       14.88       |
|   Default   |         0.0         |       0.0        |        0.00       |
+-------------+---------------------+------------------+-------------------+
2023-09-11 19:20:51.926 INFO: Saving model to checkpoints/model_run-1234_swa.model
2023-09-11 19:20:51.972 INFO: Done
2023-09-11 19:24:48.910 INFO: MACE version: 0.2.0
2023-09-11 19:24:48.910 INFO: Configuration: Namespace(name='model', seed=1234, log_dir='logs', model_dir='.', checkpoints_dir='checkpoints', results_dir='results', downloads_dir='downloads', device='cpu', default_dtype='float32', log_level='INFO', error_table='PerAtomRMSE', model='MACE', r_max=3.0, radial_type='bessel', num_radial_basis=8, num_cutoff_basis=5, interaction='RealAgnosticResidualInteractionBlock', interaction_first='RealAgnosticResidualInteractionBlock', max_ell=2, correlation=2, num_interactions=2, MLP_irreps='16x0e', radial_MLP='[64, 64, 64]', hidden_irreps='16x0e', num_channels=None, max_L=None, gate='silu', scaling='rms_forces_scaling', avg_num_neighbors=1, compute_avg_num_neighbors=True, compute_stress=False, compute_forces=True, train_file='data/solvent_mace_train.xyz', valid_file=None, valid_fraction=0.05, test_file='maceTests/solvent_test.xyz', E0s='isolated', energy_key='energy', forces_key='forces', virials_key='virials', stress_key='stress', dipole_key='dipole', charges_key='charges', loss='weighted', forces_weight=100.0, swa_forces_weight=100.0, energy_weight=1.0, swa_energy_weight=1000.0, virials_weight=1.0, swa_virials_weight=10.0, stress_weight=1.0, swa_stress_weight=10.0, dipole_weight=1.0, swa_dipole_weight=1.0, config_type_weights='{"Default":1.0}', huber_delta=0.01, optimizer='adam', batch_size=5, valid_batch_size=5, lr=0.01, swa_lr=0.001, weight_decay=5e-07, amsgrad=True, scheduler='ReduceLROnPlateau', lr_factor=0.8, scheduler_patience=50, lr_scheduler_gamma=0.9993, swa=True, start_swa=15, ema=True, ema_decay=0.99, max_num_epochs=30, patience=2048, eval_interval=1, keep_checkpoints=False, restart_latest=False, save_cpu=False, clip_grad=10.0, wandb=False, wandb_project='', wandb_entity='', wandb_name='', wandb_log_hypers=['num_channels', 'max_L', 'correlation', 'lr', 'swa_lr', 'weight_decay', 'batch_size', 'max_num_epochs', 'start_swa', 'energy_weight', 'forces_weight'])
2023-09-11 19:24:48.910 INFO: Using CPU
2023-09-11 19:24:48.995 INFO: Using isolated atom energies from training file
2023-09-11 19:24:49.000 INFO: Loaded 200 training configurations from 'data/solvent_mace_train.xyz'
2023-09-11 19:24:49.000 INFO: Using random 5.0% of training set for validation
2023-09-11 19:24:49.077 INFO: Loaded 200 test configurations from 'maceTests/solvent_test.xyz'
2023-09-11 19:24:49.077 INFO: Total number of configurations: train=190, valid=10, tests=[Default: 200]
2023-09-11 19:24:49.078 INFO: AtomicNumberTable: (1, 6, 8)
2023-09-11 19:24:49.078 INFO: Atomic energies: [-10.707211383396714, -48.847445262804705, -102.57117256025786]
2023-09-11 19:24:49.196 INFO: WeightedEnergyForcesLoss(energy_weight=1.000, forces_weight=100.000)
2023-09-11 19:24:49.259 INFO: Average number of neighbors: 7.014963150024414
2023-09-11 19:24:49.259 INFO: Selected the following outputs: {'energy': True, 'forces': True, 'virials': False, 'stress': False, 'dipoles': False}
2023-09-11 19:24:49.259 INFO: Building model
2023-09-11 19:24:49.260 INFO: Hidden irreps: 16x0e
2023-09-11 19:24:50.102 INFO: Using stochastic weight averaging (after 15 epochs) with energy weight : 1000.0, forces weight : 100.0 and learning rate : 0.001
2023-09-11 19:24:50.164 INFO: ScaleShiftMACE(
  (node_embedding): LinearNodeEmbeddingBlock(
    (linear): Linear(3x0e -> 16x0e | 48 weights)
  )
  (radial_embedding): RadialEmbeddingBlock(
    (bessel_fn): BesselBasis(r_max=3.0, num_basis=8, trainable=False)
    (cutoff_fn): PolynomialCutoff(p=5.0, r_max=3.0)
  )
  (spherical_harmonics): SphericalHarmonics()
  (atomic_energies_fn): AtomicEnergiesBlock(energies=[-10.7072, -48.8474, -102.5712])
  (interactions): ModuleList(
    (0): RealAgnosticInteractionBlock(
      (linear_up): Linear(16x0e -> 16x0e | 256 weights)
      (conv_tp): TensorProduct(16x0e x 1x0e+1x1o+1x2e -> 16x0e+16x1o+16x2e | 48 paths | 48 weights)
      (conv_tp_weights): FullyConnectedNet[8, 64, 64, 64, 48]
      (linear): Linear(16x0e+16x1o+16x2e -> 16x0e+16x1o+16x2e | 768 weights)
      (skip_tp): FullyConnectedTensorProduct(16x0e+16x1o+16x2e x 3x0e -> 16x0e+16x1o+16x2e | 2304 paths | 2304 weights)
      (reshape): reshape_irreps()
    )
    (1): RealAgnosticResidualInteractionBlock(
      (linear_up): Linear(16x0e -> 16x0e | 256 weights)
      (conv_tp): TensorProduct(16x0e x 1x0e+1x1o+1x2e -> 16x0e+16x1o+16x2e | 48 paths | 48 weights)
      (conv_tp_weights): FullyConnectedNet[8, 64, 64, 64, 48]
      (linear): Linear(16x0e+16x1o+16x2e -> 16x0e+16x1o+16x2e | 768 weights)
      (skip_tp): FullyConnectedTensorProduct(16x0e x 3x0e -> 16x0e | 768 paths | 768 weights)
      (reshape): reshape_irreps()
    )
  )
  (products): ModuleList(
    (0-1): 2 x EquivariantProductBasisBlock(
      (symmetric_contractions): SymmetricContraction(
        (contractions): ModuleList(
          (0): Contraction(
            (contractions_weighting): ModuleList(
              (0): GraphModule()
            )
            (contractions_features): ModuleList(
              (0): GraphModule()
            )
            (weights): ParameterList(  (0): Parameter containing: [torch.float32 of size 3x1x16])
            (graph_opt_main): GraphModule()
          )
        )
      )
      (linear): Linear(16x0e -> 16x0e | 256 weights)
    )
  )
  (readouts): ModuleList(
    (0): LinearReadoutBlock(
      (linear): Linear(16x0e -> 1x0e | 16 weights)
    )
    (1): NonLinearReadoutBlock(
      (linear_1): Linear(16x0e -> 16x0e | 256 weights)
      (non_linearity): Activation [x] (16x0e -> 16x0e)
      (linear_2): Linear(16x0e -> 1x0e | 16 weights)
    )
  )
  (scale_shift): ScaleShiftBlock(scale=2.262043, shift=0.000000)
)
2023-09-11 19:24:50.166 INFO: Number of parameters: 29904
2023-09-11 19:24:50.166 INFO: Optimizer: Adam (
Parameter Group 0
    amsgrad: True
    betas: (0.9, 0.999)
    capturable: False
    differentiable: False
    eps: 1e-08
    foreach: None
    fused: None
    initial_lr: 0.01
    lr: 0.01
    maximize: False
    name: embedding
    swa_lr: 0.001
    weight_decay: 0.0

Parameter Group 1
    amsgrad: True
    betas: (0.9, 0.999)
    capturable: False
    differentiable: False
    eps: 1e-08
    foreach: None
    fused: None
    initial_lr: 0.01
    lr: 0.01
    maximize: False
    name: interactions_decay
    swa_lr: 0.001
    weight_decay: 5e-07

Parameter Group 2
    amsgrad: True
    betas: (0.9, 0.999)
    capturable: False
    differentiable: False
    eps: 1e-08
    foreach: None
    fused: None
    initial_lr: 0.01
    lr: 0.01
    maximize: False
    name: interactions_no_decay
    swa_lr: 0.001
    weight_decay: 0.0

Parameter Group 3
    amsgrad: True
    betas: (0.9, 0.999)
    capturable: False
    differentiable: False
    eps: 1e-08
    foreach: None
    fused: None
    initial_lr: 0.01
    lr: 0.01
    maximize: False
    name: products
    swa_lr: 0.001
    weight_decay: 5e-07

Parameter Group 4
    amsgrad: True
    betas: (0.9, 0.999)
    capturable: False
    differentiable: False
    eps: 1e-08
    foreach: None
    fused: None
    initial_lr: 0.01
    lr: 0.01
    maximize: False
    name: readouts
    swa_lr: 0.001
    weight_decay: 0.0
)
2023-09-11 19:24:50.166 INFO: Using gradient clipping with tolerance=10.000
2023-09-11 19:24:50.166 INFO: Started training
2023-09-11 19:24:57.162 INFO: Epoch 0: loss=93.5908, RMSE_E_per_atom=5310.8 meV, RMSE_F=807.5 meV / A
2023-09-11 19:24:59.850 INFO: Epoch 1: loss=54.4642, RMSE_E_per_atom=5033.5 meV, RMSE_F=535.2 meV / A
2023-09-11 19:25:02.009 INFO: Epoch 2: loss=42.5010, RMSE_E_per_atom=4813.3 meV, RMSE_F=437.0 meV / A
2023-09-11 19:25:04.146 INFO: Epoch 3: loss=33.0261, RMSE_E_per_atom=4649.8 meV, RMSE_F=337.7 meV / A
2023-09-11 19:25:06.274 INFO: Epoch 4: loss=27.5193, RMSE_E_per_atom=4491.1 meV, RMSE_F=274.3 meV / A
2023-09-11 19:25:08.428 INFO: Epoch 5: loss=21.5238, RMSE_E_per_atom=4053.7 meV, RMSE_F=227.0 meV / A
2023-09-11 19:25:10.569 INFO: Epoch 6: loss=18.2783, RMSE_E_per_atom=3592.3 meV, RMSE_F=227.4 meV / A
2023-09-11 19:25:12.714 INFO: Epoch 7: loss=16.5023, RMSE_E_per_atom=3158.8 meV, RMSE_F=245.3 meV / A
2023-09-11 19:25:14.861 INFO: Epoch 8: loss=15.4394, RMSE_E_per_atom=2659.1 meV, RMSE_F=274.3 meV / A
2023-09-11 19:25:17.013 INFO: Epoch 9: loss=13.7146, RMSE_E_per_atom=2229.6 meV, RMSE_F=280.5 meV / A
2023-09-11 19:25:19.156 INFO: Epoch 10: loss=12.2854, RMSE_E_per_atom=1728.9 meV, RMSE_F=288.9 meV / A
2023-09-11 19:25:21.278 INFO: Epoch 11: loss=9.9702, RMSE_E_per_atom=1382.3 meV, RMSE_F=268.7 meV / A
2023-09-11 19:25:23.401 INFO: Epoch 12: loss=8.2063, RMSE_E_per_atom=1067.5 meV, RMSE_F=251.8 meV / A
2023-09-11 19:25:25.527 INFO: Epoch 13: loss=6.8461, RMSE_E_per_atom=872.4 meV, RMSE_F=234.2 meV / A
2023-09-11 19:25:27.657 INFO: Epoch 14: loss=5.9701, RMSE_E_per_atom=729.0 meV, RMSE_F=221.5 meV / A
2023-09-11 19:25:27.666 INFO: Changing loss based on SWA
2023-09-11 19:25:29.784 INFO: Epoch 15: loss=188.1303, RMSE_E_per_atom=426.7 meV, RMSE_F=232.7 meV / A
2023-09-11 19:25:31.904 INFO: Epoch 16: loss=70.2833, RMSE_E_per_atom=254.3 meV, RMSE_F=225.4 meV / A
2023-09-11 19:25:34.042 INFO: Epoch 17: loss=29.7473, RMSE_E_per_atom=156.4 meV, RMSE_F=218.8 meV / A
2023-09-11 19:25:36.166 INFO: Epoch 18: loss=14.7928, RMSE_E_per_atom=98.9 meV, RMSE_F=213.8 meV / A
2023-09-11 19:25:38.310 INFO: Epoch 19: loss=8.9157, RMSE_E_per_atom=63.8 meV, RMSE_F=210.4 meV / A
2023-09-11 19:25:40.449 INFO: Epoch 20: loss=6.5785, RMSE_E_per_atom=43.5 meV, RMSE_F=207.1 meV / A
2023-09-11 19:25:42.639 INFO: Epoch 21: loss=5.5603, RMSE_E_per_atom=31.8 meV, RMSE_F=204.1 meV / A
2023-09-11 19:25:44.847 INFO: Epoch 22: loss=5.0870, RMSE_E_per_atom=24.2 meV, RMSE_F=202.9 meV / A
2023-09-11 19:25:47.044 INFO: Epoch 23: loss=4.8392, RMSE_E_per_atom=20.1 meV, RMSE_F=201.4 meV / A
2023-09-11 19:25:49.205 INFO: Epoch 24: loss=4.6741, RMSE_E_per_atom=17.0 meV, RMSE_F=200.2 meV / A
2023-09-11 19:25:51.366 INFO: Epoch 25: loss=4.5488, RMSE_E_per_atom=14.7 meV, RMSE_F=199.0 meV / A
2023-09-11 19:25:53.503 INFO: Epoch 26: loss=4.3575, RMSE_E_per_atom=13.0 meV, RMSE_F=195.9 meV / A
2023-09-11 19:25:55.626 INFO: Epoch 27: loss=4.2899, RMSE_E_per_atom=12.3 meV, RMSE_F=194.7 meV / A
2023-09-11 19:25:57.752 INFO: Epoch 28: loss=4.2099, RMSE_E_per_atom=11.7 meV, RMSE_F=193.1 meV / A
2023-09-11 19:25:59.887 INFO: Epoch 29: loss=4.1467, RMSE_E_per_atom=11.3 meV, RMSE_F=191.9 meV / A
2023-09-11 19:25:59.896 INFO: Training complete
2023-09-11 19:25:59.897 INFO: Computing metrics for training, validation, and test sets
2023-09-11 19:25:59.898 INFO: Loading checkpoint: checkpoints/model_run-1234_epoch-14.pt
2023-09-11 19:25:59.908 INFO: Loaded model from epoch 14
2023-09-11 19:26:00.007 INFO: Evaluating train ...
2023-09-11 19:26:00.847 INFO: Evaluating valid ...
2023-09-11 19:26:01.070 INFO: Evaluating Default ...
2023-09-11 19:26:01.970 INFO: 
+-------------+---------------------+------------------+-------------------+
| config_type | RMSE E / meV / atom | RMSE F / meV / A | relative F RMSE % |
+-------------+---------------------+------------------+-------------------+
|    train    |        733.5        |      273.4       |       12.09       |
|    valid    |        729.0        |      221.5       |       17.17       |
|   Default   |        748.3        |      160.6       |        5.91       |
+-------------+---------------------+------------------+-------------------+
2023-09-11 19:26:01.971 INFO: Saving model to checkpoints/model_run-1234.model
2023-09-11 19:26:02.019 INFO: Loading checkpoint: checkpoints/model_run-1234_epoch-29_swa.pt
2023-09-11 19:26:02.029 INFO: Loaded model from epoch 29
2023-09-11 19:26:02.128 INFO: Evaluating train ...
2023-09-11 19:26:02.971 INFO: Evaluating valid ...
2023-09-11 19:26:03.203 INFO: Evaluating Default ...
2023-09-11 19:26:04.082 INFO: 
+-------------+---------------------+------------------+-------------------+
| config_type | RMSE E / meV / atom | RMSE F / meV / A | relative F RMSE % |
+-------------+---------------------+------------------+-------------------+
|    train    |         9.8         |      230.8       |       10.20       |
|    valid    |         11.3        |      191.9       |       14.88       |
|   Default   |         0.0         |       0.0        |        0.00       |
+-------------+---------------------+------------------+-------------------+
2023-09-11 19:26:04.082 INFO: Saving model to checkpoints/model_run-1234_swa.model
2023-09-11 19:26:04.129 INFO: Done
2023-09-11 20:02:42.204 INFO: MACE version: 0.2.0
2023-09-11 20:02:42.214 INFO: Configuration: Namespace(name='model', seed=1234, log_dir='logs', model_dir='.', checkpoints_dir='checkpoints', results_dir='results', downloads_dir='downloads', device='cpu', default_dtype='float32', log_level='INFO', error_table='PerAtomRMSE', model='MACE', r_max=3.0, radial_type='bessel', num_radial_basis=8, num_cutoff_basis=5, interaction='RealAgnosticResidualInteractionBlock', interaction_first='RealAgnosticResidualInteractionBlock', max_ell=2, correlation=2, num_interactions=2, MLP_irreps='16x0e', radial_MLP='[64, 64, 64]', hidden_irreps='32x0e', num_channels=None, max_L=None, gate='silu', scaling='rms_forces_scaling', avg_num_neighbors=1, compute_avg_num_neighbors=True, compute_stress=False, compute_forces=True, train_file='data/solvent_mace_train.xyz', valid_file=None, valid_fraction=0.05, test_file='maceTests/solvent_test.xyz', E0s='isolated', energy_key='energy', forces_key='forces', virials_key='virials', stress_key='stress', dipole_key='dipole', charges_key='charges', loss='weighted', forces_weight=100.0, swa_forces_weight=100.0, energy_weight=1.0, swa_energy_weight=1000.0, virials_weight=1.0, swa_virials_weight=10.0, stress_weight=1.0, swa_stress_weight=10.0, dipole_weight=1.0, swa_dipole_weight=1.0, config_type_weights='{"Default":1.0}', huber_delta=0.01, optimizer='adam', batch_size=5, valid_batch_size=5, lr=0.01, swa_lr=0.001, weight_decay=5e-07, amsgrad=True, scheduler='ReduceLROnPlateau', lr_factor=0.8, scheduler_patience=50, lr_scheduler_gamma=0.9993, swa=True, start_swa=15, ema=True, ema_decay=0.99, max_num_epochs=30, patience=2048, eval_interval=1, keep_checkpoints=False, restart_latest=False, save_cpu=False, clip_grad=10.0, wandb=False, wandb_project='', wandb_entity='', wandb_name='', wandb_log_hypers=['num_channels', 'max_L', 'correlation', 'lr', 'swa_lr', 'weight_decay', 'batch_size', 'max_num_epochs', 'start_swa', 'energy_weight', 'forces_weight'])
2023-09-11 20:02:42.214 INFO: Using CPU
2023-09-11 20:02:42.299 INFO: Using isolated atom energies from training file
2023-09-11 20:02:42.303 INFO: Loaded 200 training configurations from 'data/solvent_mace_train.xyz'
2023-09-11 20:02:42.303 INFO: Using random 5.0% of training set for validation
2023-09-11 20:02:42.398 INFO: Loaded 200 test configurations from 'maceTests/solvent_test.xyz'
2023-09-11 20:02:42.398 INFO: Total number of configurations: train=190, valid=10, tests=[Default: 200]
2023-09-11 20:02:42.399 INFO: AtomicNumberTable: (1, 6, 8)
2023-09-11 20:02:42.400 INFO: Atomic energies: [-10.707211383396714, -48.847445262804705, -102.57117256025786]
2023-09-11 20:02:42.539 INFO: WeightedEnergyForcesLoss(energy_weight=1.000, forces_weight=100.000)
2023-09-11 20:02:42.603 INFO: Average number of neighbors: 7.014963150024414
2023-09-11 20:02:42.603 INFO: Selected the following outputs: {'energy': True, 'forces': True, 'virials': False, 'stress': False, 'dipoles': False}
2023-09-11 20:02:42.603 INFO: Building model
2023-09-11 20:02:42.603 INFO: Hidden irreps: 32x0e
2023-09-11 20:02:43.471 INFO: Using stochastic weight averaging (after 15 epochs) with energy weight : 1000.0, forces weight : 100.0 and learning rate : 0.001
2023-09-11 20:02:43.541 INFO: ScaleShiftMACE(
  (node_embedding): LinearNodeEmbeddingBlock(
    (linear): Linear(3x0e -> 32x0e | 96 weights)
  )
  (radial_embedding): RadialEmbeddingBlock(
    (bessel_fn): BesselBasis(r_max=3.0, num_basis=8, trainable=False)
    (cutoff_fn): PolynomialCutoff(p=5.0, r_max=3.0)
  )
  (spherical_harmonics): SphericalHarmonics()
  (atomic_energies_fn): AtomicEnergiesBlock(energies=[-10.7072, -48.8474, -102.5712])
  (interactions): ModuleList(
    (0): RealAgnosticInteractionBlock(
      (linear_up): Linear(32x0e -> 32x0e | 1024 weights)
      (conv_tp): TensorProduct(32x0e x 1x0e+1x1o+1x2e -> 32x0e+32x1o+32x2e | 96 paths | 96 weights)
      (conv_tp_weights): FullyConnectedNet[8, 64, 64, 64, 96]
      (linear): Linear(32x0e+32x1o+32x2e -> 32x0e+32x1o+32x2e | 3072 weights)
      (skip_tp): FullyConnectedTensorProduct(32x0e+32x1o+32x2e x 3x0e -> 32x0e+32x1o+32x2e | 9216 paths | 9216 weights)
      (reshape): reshape_irreps()
    )
    (1): RealAgnosticResidualInteractionBlock(
      (linear_up): Linear(32x0e -> 32x0e | 1024 weights)
      (conv_tp): TensorProduct(32x0e x 1x0e+1x1o+1x2e -> 32x0e+32x1o+32x2e | 96 paths | 96 weights)
      (conv_tp_weights): FullyConnectedNet[8, 64, 64, 64, 96]
      (linear): Linear(32x0e+32x1o+32x2e -> 32x0e+32x1o+32x2e | 3072 weights)
      (skip_tp): FullyConnectedTensorProduct(32x0e x 3x0e -> 32x0e | 3072 paths | 3072 weights)
      (reshape): reshape_irreps()
    )
  )
  (products): ModuleList(
    (0-1): 2 x EquivariantProductBasisBlock(
      (symmetric_contractions): SymmetricContraction(
        (contractions): ModuleList(
          (0): Contraction(
            (contractions_weighting): ModuleList(
              (0): GraphModule()
            )
            (contractions_features): ModuleList(
              (0): GraphModule()
            )
            (weights): ParameterList(  (0): Parameter containing: [torch.float32 of size 3x1x32])
            (graph_opt_main): GraphModule()
          )
        )
      )
      (linear): Linear(32x0e -> 32x0e | 1024 weights)
    )
  )
  (readouts): ModuleList(
    (0): LinearReadoutBlock(
      (linear): Linear(32x0e -> 1x0e | 32 weights)
    )
    (1): NonLinearReadoutBlock(
      (linear_1): Linear(32x0e -> 16x0e | 512 weights)
      (non_linearity): Activation [x] (16x0e -> 16x0e)
      (linear_2): Linear(16x0e -> 1x0e | 16 weights)
    )
  )
  (scale_shift): ScaleShiftBlock(scale=2.262043, shift=0.000000)
)
2023-09-11 20:02:43.543 INFO: Number of parameters: 53648
2023-09-11 20:02:43.543 INFO: Optimizer: Adam (
Parameter Group 0
    amsgrad: True
    betas: (0.9, 0.999)
    capturable: False
    differentiable: False
    eps: 1e-08
    foreach: None
    fused: None
    initial_lr: 0.01
    lr: 0.01
    maximize: False
    name: embedding
    swa_lr: 0.001
    weight_decay: 0.0

Parameter Group 1
    amsgrad: True
    betas: (0.9, 0.999)
    capturable: False
    differentiable: False
    eps: 1e-08
    foreach: None
    fused: None
    initial_lr: 0.01
    lr: 0.01
    maximize: False
    name: interactions_decay
    swa_lr: 0.001
    weight_decay: 5e-07

Parameter Group 2
    amsgrad: True
    betas: (0.9, 0.999)
    capturable: False
    differentiable: False
    eps: 1e-08
    foreach: None
    fused: None
    initial_lr: 0.01
    lr: 0.01
    maximize: False
    name: interactions_no_decay
    swa_lr: 0.001
    weight_decay: 0.0

Parameter Group 3
    amsgrad: True
    betas: (0.9, 0.999)
    capturable: False
    differentiable: False
    eps: 1e-08
    foreach: None
    fused: None
    initial_lr: 0.01
    lr: 0.01
    maximize: False
    name: products
    swa_lr: 0.001
    weight_decay: 5e-07

Parameter Group 4
    amsgrad: True
    betas: (0.9, 0.999)
    capturable: False
    differentiable: False
    eps: 1e-08
    foreach: None
    fused: None
    initial_lr: 0.01
    lr: 0.01
    maximize: False
    name: readouts
    swa_lr: 0.001
    weight_decay: 0.0
)
2023-09-11 20:02:43.543 INFO: Using gradient clipping with tolerance=10.000
2023-09-11 20:02:43.543 INFO: Started training
2023-09-11 20:02:51.322 INFO: Epoch 0: loss=95.5031, RMSE_E_per_atom=4947.9 meV, RMSE_F=838.7 meV / A
2023-09-11 20:02:54.660 INFO: Epoch 1: loss=47.0296, RMSE_E_per_atom=4683.8 meV, RMSE_F=501.3 meV / A
2023-09-11 20:02:57.445 INFO: Epoch 2: loss=32.9460, RMSE_E_per_atom=4351.9 meV, RMSE_F=376.3 meV / A
2023-09-11 20:03:00.229 INFO: Epoch 3: loss=26.3890, RMSE_E_per_atom=4034.8 meV, RMSE_F=318.8 meV / A
2023-09-11 20:03:03.026 INFO: Epoch 4: loss=22.3411, RMSE_E_per_atom=3634.6 meV, RMSE_F=298.2 meV / A
2023-09-11 20:03:05.809 INFO: Epoch 5: loss=18.9309, RMSE_E_per_atom=3192.1 meV, RMSE_F=285.7 meV / A
2023-09-11 20:03:08.589 INFO: Epoch 6: loss=17.2741, RMSE_E_per_atom=2791.5 meV, RMSE_F=294.4 meV / A
2023-09-11 20:03:11.375 INFO: Epoch 7: loss=15.4082, RMSE_E_per_atom=2304.5 meV, RMSE_F=300.6 meV / A
2023-09-11 20:03:14.146 INFO: Epoch 8: loss=13.7738, RMSE_E_per_atom=2034.0 meV, RMSE_F=293.0 meV / A
2023-09-11 20:03:16.924 INFO: Epoch 9: loss=13.0788, RMSE_E_per_atom=1723.7 meV, RMSE_F=298.3 meV / A
2023-09-11 20:03:19.704 INFO: Epoch 10: loss=11.4563, RMSE_E_per_atom=1467.9 meV, RMSE_F=286.4 meV / A
2023-09-11 20:03:22.499 INFO: Epoch 11: loss=9.0848, RMSE_E_per_atom=1290.7 meV, RMSE_F=257.4 meV / A
2023-09-11 20:03:25.263 INFO: Epoch 12: loss=7.8804, RMSE_E_per_atom=1134.8 meV, RMSE_F=243.3 meV / A
2023-09-11 20:03:28.034 INFO: Epoch 13: loss=7.1198, RMSE_E_per_atom=943.5 meV, RMSE_F=236.6 meV / A
2023-09-11 20:03:30.809 INFO: Epoch 14: loss=6.2803, RMSE_E_per_atom=863.5 meV, RMSE_F=223.7 meV / A
2023-09-11 20:03:30.818 INFO: Changing loss based on SWA
2023-09-11 20:03:33.633 INFO: Epoch 15: loss=319.0683, RMSE_E_per_atom=558.4 meV, RMSE_F=255.4 meV / A
2023-09-11 20:03:36.403 INFO: Epoch 16: loss=113.2808, RMSE_E_per_atom=324.0 meV, RMSE_F=271.5 meV / A
2023-09-11 20:03:39.237 INFO: Epoch 17: loss=46.7066, RMSE_E_per_atom=194.1 meV, RMSE_F=281.2 meV / A
2023-09-11 20:03:42.015 INFO: Epoch 18: loss=23.3407, RMSE_E_per_atom=118.6 meV, RMSE_F=284.6 meV / A
2023-09-11 20:03:44.790 INFO: Epoch 19: loss=14.9764, RMSE_E_per_atom=74.8 meV, RMSE_F=285.7 meV / A
2023-09-11 20:03:47.580 INFO: Epoch 20: loss=11.8204, RMSE_E_per_atom=49.3 meV, RMSE_F=285.9 meV / A
2023-09-11 20:03:50.383 INFO: Epoch 21: loss=10.4747, RMSE_E_per_atom=34.5 meV, RMSE_F=284.3 meV / A
2023-09-11 20:03:53.165 INFO: Epoch 22: loss=9.6854, RMSE_E_per_atom=25.4 meV, RMSE_F=280.7 meV / A
2023-09-11 20:03:55.945 INFO: Epoch 23: loss=9.2865, RMSE_E_per_atom=20.3 meV, RMSE_F=278.3 meV / A
2023-09-11 20:03:58.759 INFO: Epoch 24: loss=8.9681, RMSE_E_per_atom=17.4 meV, RMSE_F=275.0 meV / A
2023-09-11 20:04:01.541 INFO: Epoch 25: loss=8.6976, RMSE_E_per_atom=15.7 meV, RMSE_F=271.8 meV / A
2023-09-11 20:04:04.319 INFO: Epoch 26: loss=8.4089, RMSE_E_per_atom=15.2 meV, RMSE_F=267.5 meV / A
2023-09-11 20:04:07.110 INFO: Epoch 27: loss=8.2253, RMSE_E_per_atom=14.2 meV, RMSE_F=265.1 meV / A
2023-09-11 20:04:09.911 INFO: Epoch 28: loss=7.9385, RMSE_E_per_atom=13.8 meV, RMSE_F=260.7 meV / A
2023-09-11 20:04:12.684 INFO: Epoch 29: loss=7.6885, RMSE_E_per_atom=13.3 meV, RMSE_F=256.9 meV / A
2023-09-11 20:04:12.697 INFO: Training complete
2023-09-11 20:04:12.697 INFO: Computing metrics for training, validation, and test sets
2023-09-11 20:04:12.699 INFO: Loading checkpoint: checkpoints/model_run-1234_epoch-14.pt
2023-09-11 20:04:12.710 INFO: Loaded model from epoch 14
2023-09-11 20:04:12.809 INFO: Evaluating train ...
2023-09-11 20:04:13.882 INFO: Evaluating valid ...
2023-09-11 20:04:14.123 INFO: Evaluating Default ...
2023-09-11 20:04:15.236 INFO: 
+-------------+---------------------+------------------+-------------------+
| config_type | RMSE E / meV / atom | RMSE F / meV / A | relative F RMSE % |
+-------------+---------------------+------------------+-------------------+
|    train    |        867.6        |      246.5       |       10.90       |
|    valid    |        863.5        |      223.7       |       17.34       |
|   Default   |        862.5        |      227.5       |        8.38       |
+-------------+---------------------+------------------+-------------------+
2023-09-11 20:04:15.236 INFO: Saving model to checkpoints/model_run-1234.model
2023-09-11 20:04:15.286 INFO: Loading checkpoint: checkpoints/model_run-1234_epoch-29_swa.pt
2023-09-11 20:04:15.297 INFO: Loaded model from epoch 29
2023-09-11 20:04:15.396 INFO: Evaluating train ...
2023-09-11 20:04:16.463 INFO: Evaluating valid ...
2023-09-11 20:04:16.706 INFO: Evaluating Default ...
2023-09-11 20:04:17.846 INFO: 
+-------------+---------------------+------------------+-------------------+
| config_type | RMSE E / meV / atom | RMSE F / meV / A | relative F RMSE % |
+-------------+---------------------+------------------+-------------------+
|    train    |         9.7         |      202.4       |        8.95       |
|    valid    |         13.3        |      256.9       |       19.91       |
|   Default   |         7.0         |      201.5       |        7.42       |
+-------------+---------------------+------------------+-------------------+
2023-09-11 20:04:17.847 INFO: Saving model to checkpoints/model_run-1234_swa.model
2023-09-11 20:04:17.898 INFO: Done
2023-09-11 20:04:29.480 INFO: MACE version: 0.2.0
2023-09-11 20:04:29.480 INFO: Configuration: Namespace(name='model', seed=1234, log_dir='logs', model_dir='.', checkpoints_dir='checkpoints', results_dir='results', downloads_dir='downloads', device='cpu', default_dtype='float32', log_level='INFO', error_table='PerAtomRMSE', model='MACE', r_max=3.0, radial_type='bessel', num_radial_basis=8, num_cutoff_basis=5, interaction='RealAgnosticResidualInteractionBlock', interaction_first='RealAgnosticResidualInteractionBlock', max_ell=2, correlation=2, num_interactions=2, MLP_irreps='16x0e', radial_MLP='[64, 64, 64]', hidden_irreps='16x0e', num_channels=None, max_L=None, gate='silu', scaling='rms_forces_scaling', avg_num_neighbors=1, compute_avg_num_neighbors=True, compute_stress=False, compute_forces=True, train_file='data/solvent_mace_train.xyz', valid_file=None, valid_fraction=0.05, test_file='maceTests/solvent_test.xyz', E0s='isolated', energy_key='energy', forces_key='forces', virials_key='virials', stress_key='stress', dipole_key='dipole', charges_key='charges', loss='weighted', forces_weight=100.0, swa_forces_weight=100.0, energy_weight=1.0, swa_energy_weight=1000.0, virials_weight=1.0, swa_virials_weight=10.0, stress_weight=1.0, swa_stress_weight=10.0, dipole_weight=1.0, swa_dipole_weight=1.0, config_type_weights='{"Default":1.0}', huber_delta=0.01, optimizer='adam', batch_size=5, valid_batch_size=5, lr=0.01, swa_lr=0.001, weight_decay=5e-07, amsgrad=True, scheduler='ReduceLROnPlateau', lr_factor=0.8, scheduler_patience=50, lr_scheduler_gamma=0.9993, swa=True, start_swa=15, ema=True, ema_decay=0.99, max_num_epochs=30, patience=2048, eval_interval=1, keep_checkpoints=False, restart_latest=False, save_cpu=False, clip_grad=10.0, wandb=False, wandb_project='', wandb_entity='', wandb_name='', wandb_log_hypers=['num_channels', 'max_L', 'correlation', 'lr', 'swa_lr', 'weight_decay', 'batch_size', 'max_num_epochs', 'start_swa', 'energy_weight', 'forces_weight'])
2023-09-11 20:04:29.480 INFO: Using CPU
2023-09-11 20:04:29.566 INFO: Using isolated atom energies from training file
2023-09-11 20:04:29.570 INFO: Loaded 200 training configurations from 'data/solvent_mace_train.xyz'
2023-09-11 20:04:29.570 INFO: Using random 5.0% of training set for validation
2023-09-11 20:04:29.647 INFO: Loaded 200 test configurations from 'maceTests/solvent_test.xyz'
2023-09-11 20:04:29.647 INFO: Total number of configurations: train=190, valid=10, tests=[Default: 200]
2023-09-11 20:04:29.648 INFO: AtomicNumberTable: (1, 6, 8)
2023-09-11 20:04:29.648 INFO: Atomic energies: [-10.707211383396714, -48.847445262804705, -102.57117256025786]
2023-09-11 20:04:29.765 INFO: WeightedEnergyForcesLoss(energy_weight=1.000, forces_weight=100.000)
2023-09-11 20:04:29.829 INFO: Average number of neighbors: 7.014963150024414
2023-09-11 20:04:29.829 INFO: Selected the following outputs: {'energy': True, 'forces': True, 'virials': False, 'stress': False, 'dipoles': False}
2023-09-11 20:04:29.829 INFO: Building model
2023-09-11 20:04:29.829 INFO: Hidden irreps: 16x0e
2023-09-11 20:04:30.668 INFO: Using stochastic weight averaging (after 15 epochs) with energy weight : 1000.0, forces weight : 100.0 and learning rate : 0.001
2023-09-11 20:04:30.732 INFO: ScaleShiftMACE(
  (node_embedding): LinearNodeEmbeddingBlock(
    (linear): Linear(3x0e -> 16x0e | 48 weights)
  )
  (radial_embedding): RadialEmbeddingBlock(
    (bessel_fn): BesselBasis(r_max=3.0, num_basis=8, trainable=False)
    (cutoff_fn): PolynomialCutoff(p=5.0, r_max=3.0)
  )
  (spherical_harmonics): SphericalHarmonics()
  (atomic_energies_fn): AtomicEnergiesBlock(energies=[-10.7072, -48.8474, -102.5712])
  (interactions): ModuleList(
    (0): RealAgnosticInteractionBlock(
      (linear_up): Linear(16x0e -> 16x0e | 256 weights)
      (conv_tp): TensorProduct(16x0e x 1x0e+1x1o+1x2e -> 16x0e+16x1o+16x2e | 48 paths | 48 weights)
      (conv_tp_weights): FullyConnectedNet[8, 64, 64, 64, 48]
      (linear): Linear(16x0e+16x1o+16x2e -> 16x0e+16x1o+16x2e | 768 weights)
      (skip_tp): FullyConnectedTensorProduct(16x0e+16x1o+16x2e x 3x0e -> 16x0e+16x1o+16x2e | 2304 paths | 2304 weights)
      (reshape): reshape_irreps()
    )
    (1): RealAgnosticResidualInteractionBlock(
      (linear_up): Linear(16x0e -> 16x0e | 256 weights)
      (conv_tp): TensorProduct(16x0e x 1x0e+1x1o+1x2e -> 16x0e+16x1o+16x2e | 48 paths | 48 weights)
      (conv_tp_weights): FullyConnectedNet[8, 64, 64, 64, 48]
      (linear): Linear(16x0e+16x1o+16x2e -> 16x0e+16x1o+16x2e | 768 weights)
      (skip_tp): FullyConnectedTensorProduct(16x0e x 3x0e -> 16x0e | 768 paths | 768 weights)
      (reshape): reshape_irreps()
    )
  )
  (products): ModuleList(
    (0-1): 2 x EquivariantProductBasisBlock(
      (symmetric_contractions): SymmetricContraction(
        (contractions): ModuleList(
          (0): Contraction(
            (contractions_weighting): ModuleList(
              (0): GraphModule()
            )
            (contractions_features): ModuleList(
              (0): GraphModule()
            )
            (weights): ParameterList(  (0): Parameter containing: [torch.float32 of size 3x1x16])
            (graph_opt_main): GraphModule()
          )
        )
      )
      (linear): Linear(16x0e -> 16x0e | 256 weights)
    )
  )
  (readouts): ModuleList(
    (0): LinearReadoutBlock(
      (linear): Linear(16x0e -> 1x0e | 16 weights)
    )
    (1): NonLinearReadoutBlock(
      (linear_1): Linear(16x0e -> 16x0e | 256 weights)
      (non_linearity): Activation [x] (16x0e -> 16x0e)
      (linear_2): Linear(16x0e -> 1x0e | 16 weights)
    )
  )
  (scale_shift): ScaleShiftBlock(scale=2.262043, shift=0.000000)
)
2023-09-11 20:04:30.734 INFO: Number of parameters: 29904
2023-09-11 20:04:30.734 INFO: Optimizer: Adam (
Parameter Group 0
    amsgrad: True
    betas: (0.9, 0.999)
    capturable: False
    differentiable: False
    eps: 1e-08
    foreach: None
    fused: None
    initial_lr: 0.01
    lr: 0.01
    maximize: False
    name: embedding
    swa_lr: 0.001
    weight_decay: 0.0

Parameter Group 1
    amsgrad: True
    betas: (0.9, 0.999)
    capturable: False
    differentiable: False
    eps: 1e-08
    foreach: None
    fused: None
    initial_lr: 0.01
    lr: 0.01
    maximize: False
    name: interactions_decay
    swa_lr: 0.001
    weight_decay: 5e-07

Parameter Group 2
    amsgrad: True
    betas: (0.9, 0.999)
    capturable: False
    differentiable: False
    eps: 1e-08
    foreach: None
    fused: None
    initial_lr: 0.01
    lr: 0.01
    maximize: False
    name: interactions_no_decay
    swa_lr: 0.001
    weight_decay: 0.0

Parameter Group 3
    amsgrad: True
    betas: (0.9, 0.999)
    capturable: False
    differentiable: False
    eps: 1e-08
    foreach: None
    fused: None
    initial_lr: 0.01
    lr: 0.01
    maximize: False
    name: products
    swa_lr: 0.001
    weight_decay: 5e-07

Parameter Group 4
    amsgrad: True
    betas: (0.9, 0.999)
    capturable: False
    differentiable: False
    eps: 1e-08
    foreach: None
    fused: None
    initial_lr: 0.01
    lr: 0.01
    maximize: False
    name: readouts
    swa_lr: 0.001
    weight_decay: 0.0
)
2023-09-11 20:04:30.734 INFO: Using gradient clipping with tolerance=10.000
2023-09-11 20:04:30.734 INFO: Started training
2023-09-11 20:04:37.749 INFO: Epoch 0: loss=93.5908, RMSE_E_per_atom=5310.8 meV, RMSE_F=807.5 meV / A
2023-09-11 20:04:40.470 INFO: Epoch 1: loss=54.4642, RMSE_E_per_atom=5033.5 meV, RMSE_F=535.2 meV / A
2023-09-11 20:04:42.612 INFO: Epoch 2: loss=42.5010, RMSE_E_per_atom=4813.3 meV, RMSE_F=437.0 meV / A
2023-09-11 20:04:44.742 INFO: Epoch 3: loss=33.0261, RMSE_E_per_atom=4649.8 meV, RMSE_F=337.7 meV / A
2023-09-11 20:04:46.869 INFO: Epoch 4: loss=27.5193, RMSE_E_per_atom=4491.1 meV, RMSE_F=274.3 meV / A
2023-09-11 20:04:48.995 INFO: Epoch 5: loss=21.5238, RMSE_E_per_atom=4053.7 meV, RMSE_F=227.0 meV / A
2023-09-11 20:04:51.130 INFO: Epoch 6: loss=18.2783, RMSE_E_per_atom=3592.3 meV, RMSE_F=227.4 meV / A
2023-09-11 20:04:53.258 INFO: Epoch 7: loss=16.5023, RMSE_E_per_atom=3158.8 meV, RMSE_F=245.3 meV / A
2023-09-11 20:04:55.388 INFO: Epoch 8: loss=15.4394, RMSE_E_per_atom=2659.1 meV, RMSE_F=274.3 meV / A
2023-09-11 20:04:57.526 INFO: Epoch 9: loss=13.7146, RMSE_E_per_atom=2229.6 meV, RMSE_F=280.5 meV / A
2023-09-11 20:04:59.652 INFO: Epoch 10: loss=12.2854, RMSE_E_per_atom=1728.9 meV, RMSE_F=288.9 meV / A
2023-09-11 20:05:01.781 INFO: Epoch 11: loss=9.9702, RMSE_E_per_atom=1382.3 meV, RMSE_F=268.7 meV / A
2023-09-11 20:05:03.909 INFO: Epoch 12: loss=8.2063, RMSE_E_per_atom=1067.5 meV, RMSE_F=251.8 meV / A
2023-09-11 20:05:06.031 INFO: Epoch 13: loss=6.8461, RMSE_E_per_atom=872.4 meV, RMSE_F=234.2 meV / A
2023-09-11 20:05:08.156 INFO: Epoch 14: loss=5.9701, RMSE_E_per_atom=729.0 meV, RMSE_F=221.5 meV / A
2023-09-11 20:05:08.165 INFO: Changing loss based on SWA
2023-09-11 20:05:10.275 INFO: Epoch 15: loss=188.1303, RMSE_E_per_atom=426.7 meV, RMSE_F=232.7 meV / A
2023-09-11 20:05:12.427 INFO: Epoch 16: loss=70.2833, RMSE_E_per_atom=254.3 meV, RMSE_F=225.4 meV / A
2023-09-11 20:05:14.569 INFO: Epoch 17: loss=29.7473, RMSE_E_per_atom=156.4 meV, RMSE_F=218.8 meV / A
2023-09-11 20:05:16.693 INFO: Epoch 18: loss=14.7928, RMSE_E_per_atom=98.9 meV, RMSE_F=213.8 meV / A
2023-09-11 20:05:18.832 INFO: Epoch 19: loss=8.9157, RMSE_E_per_atom=63.8 meV, RMSE_F=210.4 meV / A
2023-09-11 20:05:20.969 INFO: Epoch 20: loss=6.5785, RMSE_E_per_atom=43.5 meV, RMSE_F=207.1 meV / A
2023-09-11 20:05:23.126 INFO: Epoch 21: loss=5.5603, RMSE_E_per_atom=31.8 meV, RMSE_F=204.1 meV / A
2023-09-11 20:05:25.256 INFO: Epoch 22: loss=5.0870, RMSE_E_per_atom=24.2 meV, RMSE_F=202.9 meV / A
2023-09-11 20:05:27.380 INFO: Epoch 23: loss=4.8392, RMSE_E_per_atom=20.1 meV, RMSE_F=201.4 meV / A
2023-09-11 20:05:29.509 INFO: Epoch 24: loss=4.6741, RMSE_E_per_atom=17.0 meV, RMSE_F=200.2 meV / A
2023-09-11 20:05:31.682 INFO: Epoch 25: loss=4.5488, RMSE_E_per_atom=14.7 meV, RMSE_F=199.0 meV / A
2023-09-11 20:05:33.821 INFO: Epoch 26: loss=4.3575, RMSE_E_per_atom=13.0 meV, RMSE_F=195.9 meV / A
2023-09-11 20:05:35.952 INFO: Epoch 27: loss=4.2899, RMSE_E_per_atom=12.3 meV, RMSE_F=194.7 meV / A
2023-09-11 20:05:38.090 INFO: Epoch 28: loss=4.2099, RMSE_E_per_atom=11.7 meV, RMSE_F=193.1 meV / A
2023-09-11 20:05:40.272 INFO: Epoch 29: loss=4.1467, RMSE_E_per_atom=11.3 meV, RMSE_F=191.9 meV / A
2023-09-11 20:05:40.280 INFO: Training complete
2023-09-11 20:05:40.281 INFO: Computing metrics for training, validation, and test sets
2023-09-11 20:05:40.283 INFO: Loading checkpoint: checkpoints/model_run-1234_epoch-14.pt
2023-09-11 20:05:40.293 INFO: Loaded model from epoch 14
2023-09-11 20:05:40.390 INFO: Evaluating train ...
2023-09-11 20:05:41.213 INFO: Evaluating valid ...
2023-09-11 20:05:41.426 INFO: Evaluating Default ...
2023-09-11 20:05:42.311 INFO: 
+-------------+---------------------+------------------+-------------------+
| config_type | RMSE E / meV / atom | RMSE F / meV / A | relative F RMSE % |
+-------------+---------------------+------------------+-------------------+
|    train    |        733.5        |      273.4       |       12.09       |
|    valid    |        729.0        |      221.5       |       17.17       |
|   Default   |        748.3        |      160.6       |        5.91       |
+-------------+---------------------+------------------+-------------------+
2023-09-11 20:05:42.311 INFO: Saving model to checkpoints/model_run-1234.model
2023-09-11 20:05:42.360 INFO: Loading checkpoint: checkpoints/model_run-1234_epoch-29_swa.pt
2023-09-11 20:05:42.370 INFO: Loaded model from epoch 29
2023-09-11 20:05:42.467 INFO: Evaluating train ...
2023-09-11 20:05:43.309 INFO: Evaluating valid ...
2023-09-11 20:05:43.541 INFO: Evaluating Default ...
2023-09-11 20:05:44.430 INFO: 
+-------------+---------------------+------------------+-------------------+
| config_type | RMSE E / meV / atom | RMSE F / meV / A | relative F RMSE % |
+-------------+---------------------+------------------+-------------------+
|    train    |         9.8         |      230.8       |       10.20       |
|    valid    |         11.3        |      191.9       |       14.88       |
|   Default   |         0.0         |       0.0        |        0.00       |
+-------------+---------------------+------------------+-------------------+
2023-09-11 20:05:44.431 INFO: Saving model to checkpoints/model_run-1234_swa.model
2023-09-11 20:05:44.478 INFO: Done
2023-09-11 20:06:06.420 INFO: MACE version: 0.2.0
2023-09-11 20:06:06.420 INFO: Configuration: Namespace(name='model', seed=1234, log_dir='logs', model_dir='.', checkpoints_dir='checkpoints', results_dir='results', downloads_dir='downloads', device='cpu', default_dtype='float32', log_level='INFO', error_table='PerAtomRMSE', model='MACE', r_max=3.0, radial_type='bessel', num_radial_basis=8, num_cutoff_basis=5, interaction='RealAgnosticResidualInteractionBlock', interaction_first='RealAgnosticResidualInteractionBlock', max_ell=2, correlation=2, num_interactions=2, MLP_irreps='16x0e', radial_MLP='[64, 64, 64]', hidden_irreps='16x0e', num_channels=None, max_L=None, gate='silu', scaling='rms_forces_scaling', avg_num_neighbors=1, compute_avg_num_neighbors=True, compute_stress=False, compute_forces=True, train_file='data/solvent_mace_train.xyz', valid_file=None, valid_fraction=0.05, test_file='maceTests/solvent_test.xyz', E0s='isolated', energy_key='energy', forces_key='forces', virials_key='virials', stress_key='stress', dipole_key='dipole', charges_key='charges', loss='weighted', forces_weight=100.0, swa_forces_weight=100.0, energy_weight=1.0, swa_energy_weight=1000.0, virials_weight=1.0, swa_virials_weight=10.0, stress_weight=1.0, swa_stress_weight=10.0, dipole_weight=1.0, swa_dipole_weight=1.0, config_type_weights='{"Default":1.0}', huber_delta=0.01, optimizer='adam', batch_size=5, valid_batch_size=5, lr=0.01, swa_lr=0.001, weight_decay=5e-07, amsgrad=True, scheduler='ReduceLROnPlateau', lr_factor=0.8, scheduler_patience=50, lr_scheduler_gamma=0.9993, swa=True, start_swa=15, ema=True, ema_decay=0.99, max_num_epochs=50, patience=2048, eval_interval=1, keep_checkpoints=False, restart_latest=False, save_cpu=False, clip_grad=10.0, wandb=False, wandb_project='', wandb_entity='', wandb_name='', wandb_log_hypers=['num_channels', 'max_L', 'correlation', 'lr', 'swa_lr', 'weight_decay', 'batch_size', 'max_num_epochs', 'start_swa', 'energy_weight', 'forces_weight'])
2023-09-11 20:06:06.420 INFO: Using CPU
2023-09-11 20:06:06.505 INFO: Using isolated atom energies from training file
2023-09-11 20:06:06.510 INFO: Loaded 200 training configurations from 'data/solvent_mace_train.xyz'
2023-09-11 20:06:06.510 INFO: Using random 5.0% of training set for validation
2023-09-11 20:06:06.586 INFO: Loaded 200 test configurations from 'maceTests/solvent_test.xyz'
2023-09-11 20:06:06.586 INFO: Total number of configurations: train=190, valid=10, tests=[Default: 200]
2023-09-11 20:06:06.587 INFO: AtomicNumberTable: (1, 6, 8)
2023-09-11 20:06:06.587 INFO: Atomic energies: [-10.707211383396714, -48.847445262804705, -102.57117256025786]
2023-09-11 20:06:06.705 INFO: WeightedEnergyForcesLoss(energy_weight=1.000, forces_weight=100.000)
2023-09-11 20:06:06.767 INFO: Average number of neighbors: 7.014963150024414
2023-09-11 20:06:06.768 INFO: Selected the following outputs: {'energy': True, 'forces': True, 'virials': False, 'stress': False, 'dipoles': False}
2023-09-11 20:06:06.768 INFO: Building model
2023-09-11 20:06:06.768 INFO: Hidden irreps: 16x0e
2023-09-11 20:06:07.610 INFO: Using stochastic weight averaging (after 15 epochs) with energy weight : 1000.0, forces weight : 100.0 and learning rate : 0.001
2023-09-11 20:06:07.674 INFO: ScaleShiftMACE(
  (node_embedding): LinearNodeEmbeddingBlock(
    (linear): Linear(3x0e -> 16x0e | 48 weights)
  )
  (radial_embedding): RadialEmbeddingBlock(
    (bessel_fn): BesselBasis(r_max=3.0, num_basis=8, trainable=False)
    (cutoff_fn): PolynomialCutoff(p=5.0, r_max=3.0)
  )
  (spherical_harmonics): SphericalHarmonics()
  (atomic_energies_fn): AtomicEnergiesBlock(energies=[-10.7072, -48.8474, -102.5712])
  (interactions): ModuleList(
    (0): RealAgnosticInteractionBlock(
      (linear_up): Linear(16x0e -> 16x0e | 256 weights)
      (conv_tp): TensorProduct(16x0e x 1x0e+1x1o+1x2e -> 16x0e+16x1o+16x2e | 48 paths | 48 weights)
      (conv_tp_weights): FullyConnectedNet[8, 64, 64, 64, 48]
      (linear): Linear(16x0e+16x1o+16x2e -> 16x0e+16x1o+16x2e | 768 weights)
      (skip_tp): FullyConnectedTensorProduct(16x0e+16x1o+16x2e x 3x0e -> 16x0e+16x1o+16x2e | 2304 paths | 2304 weights)
      (reshape): reshape_irreps()
    )
    (1): RealAgnosticResidualInteractionBlock(
      (linear_up): Linear(16x0e -> 16x0e | 256 weights)
      (conv_tp): TensorProduct(16x0e x 1x0e+1x1o+1x2e -> 16x0e+16x1o+16x2e | 48 paths | 48 weights)
      (conv_tp_weights): FullyConnectedNet[8, 64, 64, 64, 48]
      (linear): Linear(16x0e+16x1o+16x2e -> 16x0e+16x1o+16x2e | 768 weights)
      (skip_tp): FullyConnectedTensorProduct(16x0e x 3x0e -> 16x0e | 768 paths | 768 weights)
      (reshape): reshape_irreps()
    )
  )
  (products): ModuleList(
    (0-1): 2 x EquivariantProductBasisBlock(
      (symmetric_contractions): SymmetricContraction(
        (contractions): ModuleList(
          (0): Contraction(
            (contractions_weighting): ModuleList(
              (0): GraphModule()
            )
            (contractions_features): ModuleList(
              (0): GraphModule()
            )
            (weights): ParameterList(  (0): Parameter containing: [torch.float32 of size 3x1x16])
            (graph_opt_main): GraphModule()
          )
        )
      )
      (linear): Linear(16x0e -> 16x0e | 256 weights)
    )
  )
  (readouts): ModuleList(
    (0): LinearReadoutBlock(
      (linear): Linear(16x0e -> 1x0e | 16 weights)
    )
    (1): NonLinearReadoutBlock(
      (linear_1): Linear(16x0e -> 16x0e | 256 weights)
      (non_linearity): Activation [x] (16x0e -> 16x0e)
      (linear_2): Linear(16x0e -> 1x0e | 16 weights)
    )
  )
  (scale_shift): ScaleShiftBlock(scale=2.262043, shift=0.000000)
)
2023-09-11 20:06:07.675 INFO: Number of parameters: 29904
2023-09-11 20:06:07.675 INFO: Optimizer: Adam (
Parameter Group 0
    amsgrad: True
    betas: (0.9, 0.999)
    capturable: False
    differentiable: False
    eps: 1e-08
    foreach: None
    fused: None
    initial_lr: 0.01
    lr: 0.01
    maximize: False
    name: embedding
    swa_lr: 0.001
    weight_decay: 0.0

Parameter Group 1
    amsgrad: True
    betas: (0.9, 0.999)
    capturable: False
    differentiable: False
    eps: 1e-08
    foreach: None
    fused: None
    initial_lr: 0.01
    lr: 0.01
    maximize: False
    name: interactions_decay
    swa_lr: 0.001
    weight_decay: 5e-07

Parameter Group 2
    amsgrad: True
    betas: (0.9, 0.999)
    capturable: False
    differentiable: False
    eps: 1e-08
    foreach: None
    fused: None
    initial_lr: 0.01
    lr: 0.01
    maximize: False
    name: interactions_no_decay
    swa_lr: 0.001
    weight_decay: 0.0

Parameter Group 3
    amsgrad: True
    betas: (0.9, 0.999)
    capturable: False
    differentiable: False
    eps: 1e-08
    foreach: None
    fused: None
    initial_lr: 0.01
    lr: 0.01
    maximize: False
    name: products
    swa_lr: 0.001
    weight_decay: 5e-07

Parameter Group 4
    amsgrad: True
    betas: (0.9, 0.999)
    capturable: False
    differentiable: False
    eps: 1e-08
    foreach: None
    fused: None
    initial_lr: 0.01
    lr: 0.01
    maximize: False
    name: readouts
    swa_lr: 0.001
    weight_decay: 0.0
)
2023-09-11 20:06:07.676 INFO: Using gradient clipping with tolerance=10.000
2023-09-11 20:06:07.676 INFO: Started training
2023-09-11 20:06:14.713 INFO: Epoch 0: loss=93.5908, RMSE_E_per_atom=5310.8 meV, RMSE_F=807.5 meV / A
2023-09-11 20:06:17.435 INFO: Epoch 1: loss=54.4642, RMSE_E_per_atom=5033.5 meV, RMSE_F=535.2 meV / A
2023-09-11 20:06:19.588 INFO: Epoch 2: loss=42.5010, RMSE_E_per_atom=4813.3 meV, RMSE_F=437.0 meV / A
2023-09-11 20:06:21.758 INFO: Epoch 3: loss=33.0261, RMSE_E_per_atom=4649.8 meV, RMSE_F=337.7 meV / A
2023-09-11 20:06:23.925 INFO: Epoch 4: loss=27.5193, RMSE_E_per_atom=4491.1 meV, RMSE_F=274.3 meV / A
2023-09-11 20:06:26.104 INFO: Epoch 5: loss=21.5238, RMSE_E_per_atom=4053.7 meV, RMSE_F=227.0 meV / A
2023-09-11 20:06:28.280 INFO: Epoch 6: loss=18.2783, RMSE_E_per_atom=3592.3 meV, RMSE_F=227.4 meV / A
2023-09-11 20:06:30.425 INFO: Epoch 7: loss=16.5023, RMSE_E_per_atom=3158.8 meV, RMSE_F=245.3 meV / A
2023-09-11 20:06:32.567 INFO: Epoch 8: loss=15.4394, RMSE_E_per_atom=2659.1 meV, RMSE_F=274.3 meV / A
2023-09-11 20:06:34.706 INFO: Epoch 9: loss=13.7146, RMSE_E_per_atom=2229.6 meV, RMSE_F=280.5 meV / A
2023-09-11 20:06:36.851 INFO: Epoch 10: loss=12.2854, RMSE_E_per_atom=1728.9 meV, RMSE_F=288.9 meV / A
2023-09-11 20:06:39.000 INFO: Epoch 11: loss=9.9702, RMSE_E_per_atom=1382.3 meV, RMSE_F=268.7 meV / A
2023-09-11 20:06:41.146 INFO: Epoch 12: loss=8.2063, RMSE_E_per_atom=1067.5 meV, RMSE_F=251.8 meV / A
2023-09-11 20:06:43.294 INFO: Epoch 13: loss=6.8461, RMSE_E_per_atom=872.4 meV, RMSE_F=234.2 meV / A
2023-09-11 20:06:45.438 INFO: Epoch 14: loss=5.9701, RMSE_E_per_atom=729.0 meV, RMSE_F=221.5 meV / A
2023-09-11 20:06:45.447 INFO: Changing loss based on SWA
2023-09-11 20:06:47.594 INFO: Epoch 15: loss=188.1303, RMSE_E_per_atom=426.7 meV, RMSE_F=232.7 meV / A
2023-09-11 20:06:49.731 INFO: Epoch 16: loss=70.2833, RMSE_E_per_atom=254.3 meV, RMSE_F=225.4 meV / A
2023-09-11 20:06:51.897 INFO: Epoch 17: loss=29.7473, RMSE_E_per_atom=156.4 meV, RMSE_F=218.8 meV / A
2023-09-11 20:06:54.049 INFO: Epoch 18: loss=14.7928, RMSE_E_per_atom=98.9 meV, RMSE_F=213.8 meV / A
2023-09-11 20:06:56.205 INFO: Epoch 19: loss=8.9157, RMSE_E_per_atom=63.8 meV, RMSE_F=210.4 meV / A
2023-09-11 20:06:58.360 INFO: Epoch 20: loss=6.5785, RMSE_E_per_atom=43.5 meV, RMSE_F=207.1 meV / A
2023-09-11 20:07:00.513 INFO: Epoch 21: loss=5.5603, RMSE_E_per_atom=31.8 meV, RMSE_F=204.1 meV / A
2023-09-11 20:07:02.672 INFO: Epoch 22: loss=5.0870, RMSE_E_per_atom=24.2 meV, RMSE_F=202.9 meV / A
2023-09-11 20:07:04.816 INFO: Epoch 23: loss=4.8392, RMSE_E_per_atom=20.1 meV, RMSE_F=201.4 meV / A
2023-09-11 20:07:06.962 INFO: Epoch 24: loss=4.6741, RMSE_E_per_atom=17.0 meV, RMSE_F=200.2 meV / A
2023-09-11 20:07:09.123 INFO: Epoch 25: loss=4.5488, RMSE_E_per_atom=14.7 meV, RMSE_F=199.0 meV / A
2023-09-11 20:07:11.260 INFO: Epoch 26: loss=4.3575, RMSE_E_per_atom=13.0 meV, RMSE_F=195.9 meV / A
2023-09-11 20:07:13.414 INFO: Epoch 27: loss=4.2899, RMSE_E_per_atom=12.3 meV, RMSE_F=194.7 meV / A
2023-09-11 20:07:15.559 INFO: Epoch 28: loss=4.2099, RMSE_E_per_atom=11.7 meV, RMSE_F=193.1 meV / A
2023-09-11 20:07:17.700 INFO: Epoch 29: loss=4.1467, RMSE_E_per_atom=11.3 meV, RMSE_F=191.9 meV / A
2023-09-11 20:07:19.844 INFO: Epoch 30: loss=4.0671, RMSE_E_per_atom=10.7 meV, RMSE_F=190.4 meV / A
2023-09-11 20:07:21.973 INFO: Epoch 31: loss=4.0426, RMSE_E_per_atom=10.4 meV, RMSE_F=189.9 meV / A
2023-09-11 20:07:24.118 INFO: Epoch 32: loss=3.9768, RMSE_E_per_atom=10.4 meV, RMSE_F=188.4 meV / A
2023-09-11 20:07:26.262 INFO: Epoch 33: loss=3.9583, RMSE_E_per_atom=10.3 meV, RMSE_F=188.1 meV / A
2023-09-11 20:07:28.398 INFO: Epoch 34: loss=3.9132, RMSE_E_per_atom=10.2 meV, RMSE_F=187.0 meV / A
2023-09-11 20:07:30.543 INFO: Epoch 35: loss=3.9112, RMSE_E_per_atom=10.3 meV, RMSE_F=186.8 meV / A
2023-09-11 20:07:32.689 INFO: Epoch 36: loss=3.8896, RMSE_E_per_atom=10.1 meV, RMSE_F=186.4 meV / A
2023-09-11 20:07:34.827 INFO: Epoch 37: loss=3.8764, RMSE_E_per_atom=10.0 meV, RMSE_F=186.0 meV / A
2023-09-11 20:07:36.968 INFO: Epoch 38: loss=3.8840, RMSE_E_per_atom=9.9 meV, RMSE_F=186.3 meV / A
2023-09-11 20:07:39.092 INFO: Epoch 39: loss=3.8348, RMSE_E_per_atom=9.9 meV, RMSE_F=185.1 meV / A
2023-09-11 20:07:41.279 INFO: Epoch 40: loss=3.7978, RMSE_E_per_atom=9.7 meV, RMSE_F=184.4 meV / A
2023-09-11 20:07:43.417 INFO: Epoch 41: loss=3.7736, RMSE_E_per_atom=9.8 meV, RMSE_F=183.7 meV / A
2023-09-11 20:07:45.557 INFO: Epoch 42: loss=3.7406, RMSE_E_per_atom=10.0 meV, RMSE_F=182.7 meV / A
2023-09-11 20:07:47.692 INFO: Epoch 43: loss=3.6750, RMSE_E_per_atom=9.8 meV, RMSE_F=181.2 meV / A
2023-09-11 20:07:49.831 INFO: Epoch 44: loss=3.6612, RMSE_E_per_atom=9.8 meV, RMSE_F=180.9 meV / A
2023-09-11 20:07:51.988 INFO: Epoch 45: loss=3.6236, RMSE_E_per_atom=9.8 meV, RMSE_F=180.0 meV / A
2023-09-11 20:07:54.127 INFO: Epoch 46: loss=3.5967, RMSE_E_per_atom=9.7 meV, RMSE_F=179.3 meV / A
2023-09-11 20:07:56.282 INFO: Epoch 47: loss=3.5854, RMSE_E_per_atom=9.8 meV, RMSE_F=179.0 meV / A
2023-09-11 20:07:58.418 INFO: Epoch 48: loss=3.5665, RMSE_E_per_atom=10.0 meV, RMSE_F=178.4 meV / A
2023-09-11 20:08:00.555 INFO: Epoch 49: loss=3.5813, RMSE_E_per_atom=10.3 meV, RMSE_F=178.6 meV / A
2023-09-11 20:08:00.555 INFO: Training complete
2023-09-11 20:08:00.556 INFO: Computing metrics for training, validation, and test sets
2023-09-11 20:08:00.558 INFO: Loading checkpoint: checkpoints/model_run-1234_epoch-14.pt
2023-09-11 20:08:00.569 INFO: Loaded model from epoch 14
2023-09-11 20:08:00.666 INFO: Evaluating train ...
2023-09-11 20:08:01.526 INFO: Evaluating valid ...
2023-09-11 20:08:01.747 INFO: Evaluating Default ...
2023-09-11 20:08:02.620 INFO: 
+-------------+---------------------+------------------+-------------------+
| config_type | RMSE E / meV / atom | RMSE F / meV / A | relative F RMSE % |
+-------------+---------------------+------------------+-------------------+
|    train    |        733.5        |      273.4       |       12.09       |
|    valid    |        729.0        |      221.5       |       17.17       |
|   Default   |        748.3        |      160.6       |        5.91       |
+-------------+---------------------+------------------+-------------------+
2023-09-11 20:08:02.621 INFO: Saving model to checkpoints/model_run-1234.model
2023-09-11 20:08:02.668 INFO: Loading checkpoint: checkpoints/model_run-1234_epoch-48_swa.pt
2023-09-11 20:08:02.678 INFO: Loaded model from epoch 48
2023-09-11 20:08:02.775 INFO: Evaluating train ...
2023-09-11 20:08:03.609 INFO: Evaluating valid ...
2023-09-11 20:08:03.834 INFO: Evaluating Default ...
2023-09-11 20:08:04.729 INFO: 
+-------------+---------------------+------------------+-------------------+
| config_type | RMSE E / meV / atom | RMSE F / meV / A | relative F RMSE % |
+-------------+---------------------+------------------+-------------------+
|    train    |         7.6         |      204.9       |        9.06       |
|    valid    |         10.0        |      178.4       |       13.83       |
|   Default   |         5.7         |       72.4       |        2.67       |
+-------------+---------------------+------------------+-------------------+
2023-09-11 20:08:04.729 INFO: Saving model to checkpoints/model_run-1234_swa.model
2023-09-11 20:08:04.776 INFO: Done
